[0.000000] (-) TimerEvent: {}
[0.000000] (ROTAS_pkg) JobQueued: {'identifier': 'ROTAS_pkg', 'dependencies': OrderedDict()}
[0.000000] (ROTAS_pkg) JobStarted: {'identifier': 'ROTAS_pkg'}
[0.109000] (-) TimerEvent: {}
[0.234000] (-) TimerEvent: {}
[0.343000] (-) TimerEvent: {}
[0.468000] (-) TimerEvent: {}
[0.468000] (ROTAS_pkg) JobProgress: {'identifier': 'ROTAS_pkg', 'progress': 'cmake'}
[0.468000] (ROTAS_pkg) JobProgress: {'identifier': 'ROTAS_pkg', 'progress': 'build'}
[0.468000] (ROTAS_pkg) Command: {'cmd': ['C:\\Program Files\\CMake\\bin\\cmake.EXE', '--build', 'C:\\Users\\nabet\\Desktop\\GUI\\ROTAS-ROS2\\build\\ROTAS_pkg', '--config', 'Release'], 'cwd': 'C:\\Users\\nabet\\Desktop\\GUI\\ROTAS-ROS2\\build\\ROTAS_pkg', 'env': {'OS': 'Windows_NT', 'TMP': 'C:\\Users\\nabet\\AppData\\Local\\Temp', 'PSModulePath': 'C:\\Users\\nabet\\Documents\\WindowsPowerShell\\Modules;C:\\Program Files\\WindowsPowerShell\\Modules;C:\\Windows\\system32\\WindowsPowerShell\\v1.0\\Modules', 'ExtensionSdkDir': 'C:\\Program Files (x86)\\Microsoft SDKs\\Windows Kits\\10\\ExtensionSDKs', '__devinit_path': 'C:\\Program Files (x86)\\Microsoft Visual Studio\\2019\\Community\\Common7\\Tools\\devinit\\devinit.exe', 'ROS_DOMAIN_ID': '100', 'AMENT_PREFIX_PATH': 'C:\\dev\\ros2_jazzy;', 'ACSvcPort': '17532', 'IGCCSVC_DB': 'AQAAANCMnd8BFdERjHoAwE/Cl+sBAAAA3oBnLk9kMEuSRy0X16Z/vQQAAAACAAAAAAAQZgAAAAEAACAAAADm8C9FruYbjsFsl3S+7Grb03DyHmefgt9oEGStD+prYwAAAAAOgAAAAAIAACAAAACRN40bI5+ND+in46uACquN3UwXimUVztp1NOlesir2i2AAAACpdC/BBCfZNxa1QIGxPpDDXGzmIIlaOeFU2BY88WLLZv442I0T1jRmkXz1MEU7YBVO6UnVDJg7zgkTv25cLOpIcTTZdJunTof9ZiuvXRA6C3ZUVD0QLEUsFFjEfFOo2JVAAAAAOS0rwbnoZjBpcFS36Ew87ZI4437PxuuyrkDHUo4zN1YBSmG1p4fZf3l9VcyvmJS8ywAxSVnK1ixCTZFNVEKsqw==', 'ProgramData': 'C:\\ProgramData', 'VCIDEInstallDir': 'C:\\Program Files (x86)\\Microsoft Visual Studio\\2019\\Community\\Common7\\IDE\\VC\\', 'Framework40Version': 'v4.0', 'FPS_BROWSER_USER_PROFILE_STRING': 'Default', 'WindowsSDKVersion': '10.0.19041.0\\', '__VSCMD_PREINIT_PATH': 'C:\\dev\\ros2_jazzy\\opt/zstd_vendor/lib;C:\\dev\\ros2_jazzy\\opt/zstd_vendor/bin;C:\\dev\\ros2_jazzy\\opt/yaml_cpp_vendor/lib;C:\\dev\\ros2_jazzy\\opt/yaml_cpp_vendor/bin;C:\\dev\\ros2_jazzy\\opt/uncrustify_vendor/bin;C:\\dev\\ros2_jazzy\\opt/sqlite3_vendor/lib;C:\\dev\\ros2_jazzy\\opt/sqlite3_vendor/bin;C:\\dev\\ros2_jazzy\\opt/spdlog_vendor/lib;C:\\dev\\ros2_jazzy\\opt/spdlog_vendor/bin;C:\\dev\\ros2_jazzy\\opt/rviz_ogre_vendor/lib;C:\\dev\\ros2_jazzy\\opt/rviz_ogre_vendor/bin;C:\\dev\\ros2_jazzy\\opt/rviz_assimp_vendor/lib;C:\\dev\\ros2_jazzy\\opt/rviz_assimp_vendor/bin;C:\\dev\\ros2_jazzy\\opt/orocos_kdl_vendor/lib;C:\\dev\\ros2_jazzy\\opt/mimick_vendor/lib;C:\\dev\\ros2_jazzy\\opt/libyaml_vendor/lib;C:\\dev\\ros2_jazzy\\opt/libyaml_vendor/bin;C:\\dev\\ros2_jazzy\\opt/liblz4_vendor/lib;C:\\dev\\ros2_jazzy\\opt/liblz4_vendor/bin;C:\\dev\\ros2_jazzy\\opt/libcurl_vendor/lib;C:\\dev\\ros2_jazzy\\opt/libcurl_vendor/bin;C:\\dev\\ros2_jazzy\\opt/gz_math_vendor/lib;C:\\dev\\ros2_jazzy\\opt/gz_math_vendor/bin;C:\\dev\\ros2_jazzy\\opt/gz_utils_vendor/lib;C:\\dev\\ros2_jazzy\\opt/gz_utils_vendor/bin;C:\\dev\\ros2_jazzy\\opt/gz_cmake_vendor/lib;C:\\dev\\ros2_jazzy\\opt/gz_cmake_vendor/bin;C:\\dev\\ros2_jazzy\\opt/console_bridge_vendor/lib;C:\\dev\\ros2_jazzy\\opt/console_bridge_vendor/bin;C:\\dev\\ros2_jazzy\\Scripts;C:\\dev\\ros2_jazzy\\bin;C:\\Python38\\Scripts\\;C:\\Python38\\;C:\\Program Files\\Common Files\\Oracle\\Java\\javapath;C:\\Program Files\\Microsoft\\jdk-17.0.12.7-hotspot\\bin;C:\\Python312\\Scripts\\;C:\\Python312\\;C:\\Windows\\system32;C:\\Windows;C:\\Windows\\System32\\Wbem;C:\\Windows\\System32\\WindowsPowerShell\\v1.0\\;C:\\Windows\\System32\\OpenSSH\\;C:\\Program Files (x86)\\NVIDIA Corporation\\PhysX\\Common;C:\\Program Files\\NVIDIA Corporation\\NVIDIA NvDLISR;C:\\Program Files\\Git\\cmd;C:\\Program Files\\nodejs\\;C:\\ProgramData\\chocolatey\\bin;C:\\Program Files\\GitHub CLI\\;C:\\Program Files\\MATLAB\\R2024b\\bin;;C:\\ProgramData\\chocolatey\\lib\\cunit\\lib;C:\\ProgramData\\chocolatey\\lib\\tinyxml2\\lib;C:\\ProgramData\\chocolatey\\lib\\bullet\\lib;C:\\Python38\\python.exe;C:\\Users\\nabet\\anaconda3;C:\\Users\\nabet\\anaconda3\\Library\\mingw-w64\\bin;C:\\Users\\nabet\\anaconda3\\Library\\usr\\bin;C:\\Users\\nabet\\anaconda3\\Library\\bin;C:\\Users\\nabet\\anaconda3\\Scripts;C:\\Users\\nabet\\AppData\\Local\\Microsoft\\WindowsApps;C:\\Users\\nabet\\AppData\\Local\\Programs\\Microsoft VS Code\\bin;C:\\Users\\nabet\\AppData\\Local\\spicetify;C:\\Users\\nabet\\AppData\\Roaming\\npm;C:\\mingw64\\bin;C:\\Users\\nabet\\Documents\\ffmpeg-7.0.2-full_build\\bin;C:\\Program Files\\OpenSSL-Win64\\bin;C:\\opencv\\x64\\vc16\\bin;C:\\Program Files\\CMake\\bin;C:\\xmllint\\bin;C:\\Program Files\\Graphviz\\bin;C:\\opt\\opencv\\build\\x64\\vc16\\bin;C:\\opt\\opencv\\build\\x64\\vc16\\lib;', 'USERDOMAIN': 'ZEPH-AREPO', 'ComSpec': 'C:\\Windows\\system32\\cmd.exe', 'VCToolsVersion': '14.29.30133', 'INCLUDE': 'C:\\Program Files (x86)\\Microsoft Visual Studio\\2019\\Community\\VC\\Tools\\MSVC\\14.29.30133\\ATLMFC\\include;C:\\Program Files (x86)\\Microsoft Visual Studio\\2019\\Community\\VC\\Tools\\MSVC\\14.29.30133\\include;C:\\Program Files (x86)\\Windows Kits\\10\\include\\10.0.19041.0\\ucrt;C:\\Program Files (x86)\\Windows Kits\\10\\include\\10.0.19041.0\\shared;C:\\Program Files (x86)\\Windows Kits\\10\\include\\10.0.19041.0\\um;C:\\Program Files (x86)\\Windows Kits\\10\\include\\10.0.19041.0\\winrt;C:\\Program Files (x86)\\Windows Kits\\10\\include\\10.0.19041.0\\cppwinrt', 'NDI_RUNTIME_DIR_V5': 'C:\\Program Files\\NDI\\NDI 6 Runtime\\v6', 'NUMBER_OF_PROCESSORS': '16', 'VCINSTALLDIR': 'C:\\Program Files (x86)\\Microsoft Visual Studio\\2019\\Community\\VC\\', 'NDI_RUNTIME_DIR_V2': 'C:\\Program Files\\NDI\\NDI 6 Runtime\\v6', 'VisualStudioVersion': '16.0', 'ProgramFiles(x86)': 'C:\\Program Files (x86)', 'OpenCV_DIR': 'C:\\opt\\opencv\\build', 'ROS_AUTOMATIC_DISCOVERY_RANGE': 'SUBNET', 'ChocolateyInstall': 'C:\\ProgramData\\chocolatey', 'ProgramW6432': 'C:\\Program Files', 'PROCESSOR_LEVEL': '6', 'VSCMD_VER': '16.11.40', 'PKG_CONFIG_PATH': 'C:\\dev\\ros2_jazzy\\lib\\pkgconfig;', 'DriverData': 'C:\\Windows\\System32\\Drivers\\DriverData', 'WT_SESSION': '58bbc789-9c9b-4e9d-9736-dc2d6000e3a7', 'OPENSSL_CONF': 'C:\\Program Files\\OpenSSL-Win64\\bin\\openssl.cfg', 'PROMPT': '$P$G', '__VSCMD_script_err_count': '0', 'COMPUTERNAME': 'ZEPH-AREPO', 'FrameworkDir': 'C:\\Windows\\Microsoft.NET\\Framework64\\', 'VCToolsRedistDir': 'C:\\Program Files (x86)\\Microsoft Visual Studio\\2019\\Community\\VC\\Redist\\MSVC\\14.29.30133\\', 'CommonProgramFiles(x86)': 'C:\\Program Files (x86)\\Common Files', 'WindowsSdkBinPath': 'C:\\Program Files (x86)\\Windows Kits\\10\\bin\\', 'WindowsSdkDir': 'C:\\Program Files (x86)\\Windows Kits\\10\\', 'VCToolsInstallDir': 'C:\\Program Files (x86)\\Microsoft Visual Studio\\2019\\Community\\VC\\Tools\\MSVC\\14.29.30133\\', 'VS160COMNTOOLS': 'C:\\Program Files (x86)\\Microsoft Visual Studio\\2019\\Community\\Common7\\Tools\\', 'WT_PROFILE_ID': '{3d1beac4-db37-5a28-bab4-993c9803c6aa}', 'SESSIONNAME': 'Console', 'CMAKE_PREFIX_PATH': 'C:\\dev\\ros2_jazzy\\opt/yaml_cpp_vendor;C:\\dev\\ros2_jazzy\\opt/pybind11_vendor;C:\\dev\\ros2_jazzy\\opt/orocos_kdl_vendor;C:\\dev\\ros2_jazzy\\opt/gz_math_vendor;C:\\dev\\ros2_jazzy\\opt/gz_utils_vendor;C:\\dev\\ros2_jazzy\\opt/gz_cmake_vendor;C:\\dev\\ros2_jazzy\\opt/console_bridge_vendor;C:\\dev\\ros2_jazzy;', 'ROS_PYTHON_VERSION': '3', 'HOMEDRIVE': 'C:', 'PUBLIC': 'C:\\Users\\Public', 'FrameworkDir64': 'C:\\Windows\\Microsoft.NET\\Framework64\\', 'LIB': 'C:\\Program Files (x86)\\Microsoft Visual Studio\\2019\\Community\\VC\\Tools\\MSVC\\14.29.30133\\ATLMFC\\lib\\x64;C:\\Program Files (x86)\\Microsoft Visual Studio\\2019\\Community\\VC\\Tools\\MSVC\\14.29.30133\\lib\\x64;C:\\Program Files (x86)\\Windows Kits\\10\\lib\\10.0.19041.0\\ucrt\\x64;C:\\Program Files (x86)\\Windows Kits\\10\\lib\\10.0.19041.0\\um\\x64', 'WindowsLibPath': 'C:\\Program Files (x86)\\Windows Kits\\10\\UnionMetadata\\10.0.19041.0;C:\\Program Files (x86)\\Windows Kits\\10\\References\\10.0.19041.0', 'WindowsSdkVerBinPath': 'C:\\Program Files (x86)\\Windows Kits\\10\\bin\\10.0.19041.0\\', 'Qt5_DIR': 'C:\\Qt\\5.15.0\\msvc2019_64', 'VSCMD_ARG_HOST_ARCH': 'x64', 'windir': 'C:\\Windows', 'NDI_RUNTIME_DIR_V4': 'C:\\Program Files\\NDI\\NDI 6 Runtime\\v6', 'COLCON': '1', 'ROS_VERSION': '2', 'VSCMD_ARG_TGT_ARCH': 'x64', 'PROCESSOR_IDENTIFIER': 'Intel64 Family 6 Model 186 Stepping 2, GenuineIntel', 'APPDATA': 'C:\\Users\\nabet\\AppData\\Roaming', 'HOMEPATH': '\\Users\\nabet', 'Path': 'C:\\Program Files (x86)\\Microsoft Visual Studio\\2019\\Community\\VC\\Tools\\MSVC\\14.29.30133\\bin\\HostX64\\x64;C:\\Program Files (x86)\\Microsoft Visual Studio\\2019\\Community\\Common7\\IDE\\VC\\VCPackages;C:\\Program Files (x86)\\Microsoft Visual Studio\\2019\\Community\\Common7\\IDE\\CommonExtensions\\Microsoft\\TestWindow;C:\\Program Files (x86)\\Microsoft Visual Studio\\2019\\Community\\Common7\\IDE\\CommonExtensions\\Microsoft\\TeamFoundation\\Team Explorer;C:\\Program Files (x86)\\Microsoft Visual Studio\\2019\\Community\\MSBuild\\Current\\bin\\Roslyn;C:\\Program Files (x86)\\Microsoft Visual Studio\\2019\\Community\\Team Tools\\Performance Tools\\x64;C:\\Program Files (x86)\\Microsoft Visual Studio\\2019\\Community\\Team Tools\\Performance Tools;C:\\Program Files (x86)\\Microsoft Visual Studio\\Shared\\Common\\VSPerfCollectionTools\\vs2019\\\\x64;C:\\Program Files (x86)\\Microsoft Visual Studio\\Shared\\Common\\VSPerfCollectionTools\\vs2019\\;C:\\Program Files (x86)\\Microsoft Visual Studio\\2019\\Community\\Common7\\Tools\\devinit;C:\\Program Files (x86)\\Windows Kits\\10\\bin\\10.0.19041.0\\x64;C:\\Program Files (x86)\\Windows Kits\\10\\bin\\x64;C:\\Program Files (x86)\\Microsoft Visual Studio\\2019\\Community\\\\MSBuild\\Current\\Bin;C:\\Windows\\Microsoft.NET\\Framework64\\v4.0.30319;C:\\Program Files (x86)\\Microsoft Visual Studio\\2019\\Community\\Common7\\IDE\\;C:\\Program Files (x86)\\Microsoft Visual Studio\\2019\\Community\\Common7\\Tools\\;C:\\dev\\ros2_jazzy\\opt/zstd_vendor/lib;C:\\dev\\ros2_jazzy\\opt/zstd_vendor/bin;C:\\dev\\ros2_jazzy\\opt/yaml_cpp_vendor/lib;C:\\dev\\ros2_jazzy\\opt/yaml_cpp_vendor/bin;C:\\dev\\ros2_jazzy\\opt/uncrustify_vendor/bin;C:\\dev\\ros2_jazzy\\opt/sqlite3_vendor/lib;C:\\dev\\ros2_jazzy\\opt/sqlite3_vendor/bin;C:\\dev\\ros2_jazzy\\opt/spdlog_vendor/lib;C:\\dev\\ros2_jazzy\\opt/spdlog_vendor/bin;C:\\dev\\ros2_jazzy\\opt/rviz_ogre_vendor/lib;C:\\dev\\ros2_jazzy\\opt/rviz_ogre_vendor/bin;C:\\dev\\ros2_jazzy\\opt/rviz_assimp_vendor/lib;C:\\dev\\ros2_jazzy\\opt/rviz_assimp_vendor/bin;C:\\dev\\ros2_jazzy\\opt/orocos_kdl_vendor/lib;C:\\dev\\ros2_jazzy\\opt/mimick_vendor/lib;C:\\dev\\ros2_jazzy\\opt/libyaml_vendor/lib;C:\\dev\\ros2_jazzy\\opt/libyaml_vendor/bin;C:\\dev\\ros2_jazzy\\opt/liblz4_vendor/lib;C:\\dev\\ros2_jazzy\\opt/liblz4_vendor/bin;C:\\dev\\ros2_jazzy\\opt/libcurl_vendor/lib;C:\\dev\\ros2_jazzy\\opt/libcurl_vendor/bin;C:\\dev\\ros2_jazzy\\opt/gz_math_vendor/lib;C:\\dev\\ros2_jazzy\\opt/gz_math_vendor/bin;C:\\dev\\ros2_jazzy\\opt/gz_utils_vendor/lib;C:\\dev\\ros2_jazzy\\opt/gz_utils_vendor/bin;C:\\dev\\ros2_jazzy\\opt/gz_cmake_vendor/lib;C:\\dev\\ros2_jazzy\\opt/gz_cmake_vendor/bin;C:\\dev\\ros2_jazzy\\opt/console_bridge_vendor/lib;C:\\dev\\ros2_jazzy\\opt/console_bridge_vendor/bin;C:\\dev\\ros2_jazzy\\Scripts;C:\\dev\\ros2_jazzy\\bin;C:\\Python38\\Scripts\\;C:\\Python38\\;C:\\Program Files\\Common Files\\Oracle\\Java\\javapath;C:\\Program Files\\Microsoft\\jdk-17.0.12.7-hotspot\\bin;C:\\Python312\\Scripts\\;C:\\Python312\\;C:\\Windows\\system32;C:\\Windows;C:\\Windows\\System32\\Wbem;C:\\Windows\\System32\\WindowsPowerShell\\v1.0\\;C:\\Windows\\System32\\OpenSSH\\;C:\\Program Files (x86)\\NVIDIA Corporation\\PhysX\\Common;C:\\Program Files\\NVIDIA Corporation\\NVIDIA NvDLISR;C:\\Program Files\\Git\\cmd;C:\\Program Files\\nodejs\\;C:\\ProgramData\\chocolatey\\bin;C:\\Program Files\\GitHub CLI\\;C:\\Program Files\\MATLAB\\R2024b\\bin;;C:\\ProgramData\\chocolatey\\lib\\cunit\\lib;C:\\ProgramData\\chocolatey\\lib\\tinyxml2\\lib;C:\\ProgramData\\chocolatey\\lib\\bullet\\lib;C:\\Python38\\python.exe;C:\\Users\\nabet\\anaconda3;C:\\Users\\nabet\\anaconda3\\Library\\mingw-w64\\bin;C:\\Users\\nabet\\anaconda3\\Library\\usr\\bin;C:\\Users\\nabet\\anaconda3\\Library\\bin;C:\\Users\\nabet\\anaconda3\\Scripts;C:\\Users\\nabet\\AppData\\Local\\Microsoft\\WindowsApps;C:\\Users\\nabet\\AppData\\Local\\Programs\\Microsoft VS Code\\bin;C:\\Users\\nabet\\AppData\\Local\\spicetify;C:\\Users\\nabet\\AppData\\Roaming\\npm;C:\\mingw64\\bin;C:\\Users\\nabet\\Documents\\ffmpeg-7.0.2-full_build\\bin;C:\\Program Files\\OpenSSL-Win64\\bin;C:\\opencv\\x64\\vc16\\bin;C:\\Program Files\\CMake\\bin;C:\\xmllint\\bin;C:\\Program Files\\Graphviz\\bin;C:\\opt\\opencv\\build\\x64\\vc16\\bin;C:\\opt\\opencv\\build\\x64\\vc16\\lib', 'NDI_RUNTIME_DIR_V3': 'C:\\Program Files\\NDI\\NDI 6 Runtime\\v6', 'SystemDrive': 'C:', 'LOGONSERVER': '\\\\ZEPH-AREPO', 'PATHEXT': '.COM;.EXE;.BAT;.CMD;.VBS;.VBE;.JS;.JSE;.WSF;.WSH;.MSC;.PY;.PYW;.CPL', 'CommandPromptType': 'Native', 'LOCALAPPDATA': 'C:\\Users\\nabet\\AppData\\Local', 'FrameworkVersion': 'v4.0.30319', 'ZES_ENABLE_SYSMAN': '1', 'PYTHONPATH': 'C:\\ci\\ws\\install\\lib\\python3.8\\dist-packages;C:\\dev\\ros2_jazzy\\Lib\\site-packages;', 'WSLENV': 'WT_SESSION:WT_PROFILE_ID:', 'JAVA_HOME': 'C:\\Program Files\\Microsoft\\jdk-17.0.12.7-hotspot\\', 'UCRTVersion': '10.0.19041.0', 'FrameworkVersion64': 'v4.0.30319', 'OneDrive': 'C:\\Users\\nabet\\OneDrive', 'USERNAME': 'nabet', 'VSINSTALLDIR': 'C:\\Program Files (x86)\\Microsoft Visual Studio\\2019\\Community\\', 'UniversalCRTSdkDir': 'C:\\Program Files (x86)\\Windows Kits\\10\\', 'ProgramFiles': 'C:\\Program Files', 'ChocolateyLastPathUpdate': '133713311956299981', 'NDI_RUNTIME_DIR_V6': 'C:\\Program Files\\NDI\\NDI 6 Runtime\\v6', 'PROCESSOR_REVISION': 'ba02', 'VSCMD_ARG_app_plat': 'Desktop', 'FPS_BROWSER_APP_PROFILE_STRING': 'Internet Explorer', 'ROS_DISTRO': 'jazzy', 'USERPROFILE': 'C:\\Users\\nabet', 'CommonProgramW6432': 'C:\\Program Files\\Common Files', 'TEMP': 'C:\\Users\\nabet\\AppData\\Local\\Temp', 'ALLUSERSPROFILE': 'C:\\ProgramData', 'DevEnvDir': 'C:\\Program Files (x86)\\Microsoft Visual Studio\\2019\\Community\\Common7\\IDE\\', '__DOTNET_ADD_64BIT': '1', 'CommonProgramFiles': 'C:\\Program Files\\Common Files', 'PROCESSOR_ARCHITECTURE': 'AMD64', '__DOTNET_PREFERRED_BITNESS': '64', 'USERDOMAIN_ROAMINGPROFILE': 'ZEPH-AREPO', 'WindowsSDKLibVersion': '10.0.19041.0\\', 'SystemRoot': 'C:\\Windows', 'LIBPATH': 'C:\\Program Files (x86)\\Microsoft Visual Studio\\2019\\Community\\VC\\Tools\\MSVC\\14.29.30133\\ATLMFC\\lib\\x64;C:\\Program Files (x86)\\Microsoft Visual Studio\\2019\\Community\\VC\\Tools\\MSVC\\14.29.30133\\lib\\x64;C:\\Program Files (x86)\\Microsoft Visual Studio\\2019\\Community\\VC\\Tools\\MSVC\\14.29.30133\\lib\\x86\\store\\references;C:\\Program Files (x86)\\Windows Kits\\10\\UnionMetadata\\10.0.19041.0;C:\\Program Files (x86)\\Windows Kits\\10\\References\\10.0.19041.0;C:\\Windows\\Microsoft.NET\\Framework64\\v4.0.30319', 'QT_QPA_PLATFORM_PLUGIN_PATH': 'C:\\Qt\\5.15.0\\msvc2019_64\\plugins\\platforms', 'RlsSvcPort': '22112', 'CL': '/MP'}, 'shell': False}
[0.578000] (-) TimerEvent: {}
[0.640000] (ROTAS_pkg) StdoutLine: {'line': b'Microsoft (R) Build Engine version 16.11.2+f32259642 for .NET Framework\r\n'}
[0.640000] (ROTAS_pkg) StdoutLine: {'line': b'Copyright (C) Microsoft Corporation. All rights reserved.\r\n'}
[0.640000] (ROTAS_pkg) StdoutLine: {'line': b'\r\n'}
[0.687000] (-) TimerEvent: {}
[0.797000] (-) TimerEvent: {}
[0.922000] (-) TimerEvent: {}
[1.031000] (-) TimerEvent: {}
[1.140000] (-) TimerEvent: {}
[1.250000] (ROTAS_pkg) StdoutLine: {'line': b'  1>Checking Build System\r\n'}
[1.250000] (-) TimerEvent: {}
[1.359000] (-) TimerEvent: {}
[1.484000] (-) TimerEvent: {}
[1.547000] (ROTAS_pkg) StdoutLine: {'line': b'  Building Custom Rule C:/Users/nabet/Desktop/GUI/ROTAS-ROS2/src/ROTAS_pkg/CMakeLists.txt\r\n'}
[1.593000] (-) TimerEvent: {}
[1.703000] (-) TimerEvent: {}
[1.812000] (ROTAS_pkg) StdoutLine: {'line': b'  ros2_relay.cpp\r\n'}
[1.812000] (-) TimerEvent: {}
[1.922000] (-) TimerEvent: {}
[2.031000] (-) TimerEvent: {}
[2.156000] (-) TimerEvent: {}
[2.297000] (-) TimerEvent: {}
[2.422000] (-) TimerEvent: {}
[2.547000] (-) TimerEvent: {}
[2.672000] (-) TimerEvent: {}
[2.781000] (-) TimerEvent: {}
[2.890000] (-) TimerEvent: {}
[3.000000] (-) TimerEvent: {}
[3.109000] (-) TimerEvent: {}
[3.218000] (-) TimerEvent: {}
[3.343000] (-) TimerEvent: {}
[3.484000] (-) TimerEvent: {}
[3.625000] (-) TimerEvent: {}
[3.734000] (-) TimerEvent: {}
[3.843000] (-) TimerEvent: {}
[3.953000] (-) TimerEvent: {}
[4.062000] (-) TimerEvent: {}
[4.172000] (-) TimerEvent: {}
[4.234000] (ROTAS_pkg) StdoutLine: {'line': b"C:/dev/ros2_jazzy/include/rclcpp\\rclcpp/utilities.hpp(250,51): warning C4003: not enough arguments for function-like macro invocation 'max' [C:\\Users\\nabet\\Desktop\\GUI\\ROTAS-ROS2\\build\\ROTAS_pkg\\relay.vcxproj]\r\n"}
[4.234000] (ROTAS_pkg) StdoutLine: {'line': b"C:/dev/ros2_jazzy/include/rclcpp\\rclcpp/utilities.hpp(267,51): warning C4003: not enough arguments for function-like macro invocation 'min' [C:\\Users\\nabet\\Desktop\\GUI\\ROTAS-ROS2\\build\\ROTAS_pkg\\relay.vcxproj]\r\n"}
[4.234000] (ROTAS_pkg) StdoutLine: {'line': b"C:/dev/ros2_jazzy/include/rclcpp\\rclcpp/utilities.hpp(284,51): warning C4003: not enough arguments for function-like macro invocation 'max' [C:\\Users\\nabet\\Desktop\\GUI\\ROTAS-ROS2\\build\\ROTAS_pkg\\relay.vcxproj]\r\n"}
[4.250000] (ROTAS_pkg) StdoutLine: {'line': b"C:/dev/ros2_jazzy/include/rclcpp\\rclcpp/utilities.hpp(301,51): warning C4003: not enough arguments for function-like macro invocation 'min' [C:\\Users\\nabet\\Desktop\\GUI\\ROTAS-ROS2\\build\\ROTAS_pkg\\relay.vcxproj]\r\n"}
[4.281000] (-) TimerEvent: {}
[4.390000] (-) TimerEvent: {}
[4.406000] (ROTAS_pkg) StdoutLine: {'line': b"C:/dev/ros2_jazzy/include/rclcpp\\rclcpp/duration.hpp(109,3): warning C4003: not enough arguments for function-like macro invocation 'max' [C:\\Users\\nabet\\Desktop\\GUI\\ROTAS-ROS2\\build\\ROTAS_pkg\\relay.vcxproj]\r\n"}
[4.406000] (ROTAS_pkg) StdoutLine: {'line': b"C:/dev/ros2_jazzy/include/rclcpp\\rclcpp/duration.hpp(109,3): error C2059: syntax error: '(' [C:\\Users\\nabet\\Desktop\\GUI\\ROTAS-ROS2\\build\\ROTAS_pkg\\relay.vcxproj]\r\n"}
[4.406000] (ROTAS_pkg) StdoutLine: {'line': b"C:/dev/ros2_jazzy/include/rclcpp\\rclcpp/duration.hpp(109,3): error C2143: syntax error: missing ',' before '?' [C:\\Users\\nabet\\Desktop\\GUI\\ROTAS-ROS2\\build\\ROTAS_pkg\\relay.vcxproj]\r\n"}
[4.406000] (ROTAS_pkg) StdoutLine: {'line': b"C:/dev/ros2_jazzy/include/rclcpp\\rclcpp/duration.hpp(109,3): error C2059: syntax error: '?' [C:\\Users\\nabet\\Desktop\\GUI\\ROTAS-ROS2\\build\\ROTAS_pkg\\relay.vcxproj]\r\n"}
[4.406000] (ROTAS_pkg) StdoutLine: {'line': b"C:/dev/ros2_jazzy/include/rclcpp\\rclcpp/duration.hpp(159,11): error C2535: 'rclcpp::Duration::Duration(void)': member function already defined or declared [C:\\Users\\nabet\\Desktop\\GUI\\ROTAS-ROS2\\build\\ROTAS_pkg\\relay.vcxproj]\r\n"}
[4.406000] (ROTAS_pkg) StdoutLine: {'line': b"C:/dev/ros2_jazzy/include/rclcpp\\rclcpp/duration.hpp(107): message : see declaration of 'rclcpp::Duration::Duration' [C:\\Users\\nabet\\Desktop\\GUI\\ROTAS-ROS2\\build\\ROTAS_pkg\\relay.vcxproj]\r\n"}
[4.406000] (ROTAS_pkg) StdoutLine: {'line': b"C:/dev/ros2_jazzy/include/rclcpp\\rclcpp/time.hpp(204,3): warning C4003: not enough arguments for function-like macro invocation 'max' [C:\\Users\\nabet\\Desktop\\GUI\\ROTAS-ROS2\\build\\ROTAS_pkg\\relay.vcxproj]\r\n"}
[4.406000] (ROTAS_pkg) StdoutLine: {'line': b"C:/dev/ros2_jazzy/include/rclcpp\\rclcpp/time.hpp(204,3): error C2059: syntax error: '(' [C:\\Users\\nabet\\Desktop\\GUI\\ROTAS-ROS2\\build\\ROTAS_pkg\\relay.vcxproj]\r\n"}
[4.406000] (ROTAS_pkg) StdoutLine: {'line': b"C:/dev/ros2_jazzy/include/rclcpp\\rclcpp/time.hpp(204,3): error C2143: syntax error: missing ',' before '?' [C:\\Users\\nabet\\Desktop\\GUI\\ROTAS-ROS2\\build\\ROTAS_pkg\\relay.vcxproj]\r\n"}
[4.406000] (ROTAS_pkg) StdoutLine: {'line': b"C:/dev/ros2_jazzy/include/rclcpp\\rclcpp/time.hpp(204,3): error C2059: syntax error: '?' [C:\\Users\\nabet\\Desktop\\GUI\\ROTAS-ROS2\\build\\ROTAS_pkg\\relay.vcxproj]\r\n"}
[4.484000] (ROTAS_pkg) StdoutLine: {'line': b"C:/dev/ros2_jazzy/include/rcpputils\\rcpputils/time.hpp(39,31): warning C4003: not enough arguments for function-like macro invocation 'max' [C:\\Users\\nabet\\Desktop\\GUI\\ROTAS-ROS2\\build\\ROTAS_pkg\\relay.vcxproj]\r\n"}
[4.484000] (ROTAS_pkg) StdoutLine: {'line': b"C:/dev/ros2_jazzy/include/rcpputils\\rcpputils/time.hpp(47,31): warning C4003: not enough arguments for function-like macro invocation 'min' [C:\\Users\\nabet\\Desktop\\GUI\\ROTAS-ROS2\\build\\ROTAS_pkg\\relay.vcxproj]\r\n"}
[4.500000] (-) TimerEvent: {}
[4.593000] (ROTAS_pkg) StdoutLine: {'line': b"C:/dev/ros2_jazzy/include/rclcpp\\rclcpp/experimental/subscription_intra_process_base.hpp(169,39): error C2589: '(': illegal token on right side of '::' [C:\\Users\\nabet\\Desktop\\GUI\\ROTAS-ROS2\\build\\ROTAS_pkg\\relay.vcxproj]\r\n"}
[4.593000] (ROTAS_pkg) StdoutLine: {'line': b"C:/dev/ros2_jazzy/include/rclcpp\\rclcpp/experimental/subscription_intra_process_base.hpp(169): error C2144: syntax error: 'unknown-type' should be preceded by ')' [C:\\Users\\nabet\\Desktop\\GUI\\ROTAS-ROS2\\build\\ROTAS_pkg\\relay.vcxproj]\r\n"}
[4.593000] (ROTAS_pkg) StdoutLine: {'line': b'C:/dev/ros2_jazzy/include/rclcpp\\rclcpp/experimental/subscription_intra_process_base.hpp(169,1): error C2064: term does not evaluate to a function taking 0 arguments [C:\\Users\\nabet\\Desktop\\GUI\\ROTAS-ROS2\\build\\ROTAS_pkg\\relay.vcxproj]\r\n'}
[4.593000] (ROTAS_pkg) StdoutLine: {'line': b"C:/dev/ros2_jazzy/include/rclcpp\\rclcpp/experimental/subscription_intra_process_base.hpp(169,1): message : class does not define an 'operator()' or a user defined conversion operator to a pointer-to-function or reference-to-function that takes appropriate number of arguments [C:\\Users\\nabet\\Desktop\\GUI\\ROTAS-ROS2\\build\\ROTAS_pkg\\relay.vcxproj]\r\n"}
[4.593000] (ROTAS_pkg) StdoutLine: {'line': b"C:/dev/ros2_jazzy/include/rclcpp\\rclcpp/experimental/subscription_intra_process_base.hpp(169): error C2144: syntax error: 'unknown-type' should be preceded by ';' [C:\\Users\\nabet\\Desktop\\GUI\\ROTAS-ROS2\\build\\ROTAS_pkg\\relay.vcxproj]\r\n"}
[4.593000] (ROTAS_pkg) StdoutLine: {'line': b"C:/dev/ros2_jazzy/include/rclcpp\\rclcpp/experimental/subscription_intra_process_base.hpp(169,39): error C2143: syntax error: missing ')' before '<' [C:\\Users\\nabet\\Desktop\\GUI\\ROTAS-ROS2\\build\\ROTAS_pkg\\relay.vcxproj]\r\n"}
[4.609000] (ROTAS_pkg) StdoutLine: {'line': b"C:/dev/ros2_jazzy/include/rclcpp\\rclcpp/experimental/subscription_intra_process_base.hpp(169,39): error C2143: syntax error: missing ';' before '<' [C:\\Users\\nabet\\Desktop\\GUI\\ROTAS-ROS2\\build\\ROTAS_pkg\\relay.vcxproj]\r\n"}
[4.609000] (-) TimerEvent: {}
[4.609000] (ROTAS_pkg) StdoutLine: {'line': b"C:/dev/ros2_jazzy/include/rclcpp\\rclcpp/experimental/subscription_intra_process_base.hpp(169,1): error C2059: syntax error: ')' [C:\\Users\\nabet\\Desktop\\GUI\\ROTAS-ROS2\\build\\ROTAS_pkg\\relay.vcxproj]\r\n"}
[4.718000] (-) TimerEvent: {}
[4.781000] (ROTAS_pkg) StdoutLine: {'line': b"C:/dev/ros2_jazzy/include/libstatistics_collector\\libstatistics_collector/moving_average_statistics/moving_average.hpp(130,79): warning C4003: not enough arguments for function-like macro invocation 'max' [C:\\Users\\nabet\\Desktop\\GUI\\ROTAS-ROS2\\build\\ROTAS_pkg\\relay.vcxproj]\r\n"}
[4.781000] (ROTAS_pkg) StdoutLine: {'line': b"C:/dev/ros2_jazzy/include/libstatistics_collector\\libstatistics_collector/moving_average_statistics/moving_average.hpp(131,79): warning C4003: not enough arguments for function-like macro invocation 'min' [C:\\Users\\nabet\\Desktop\\GUI\\ROTAS-ROS2\\build\\ROTAS_pkg\\relay.vcxproj]\r\n"}
[4.797000] (ROTAS_pkg) StdoutLine: {'line': b"C:/dev/ros2_jazzy/include/libstatistics_collector\\libstatistics_collector/moving_average_statistics/moving_average.hpp(130,79): error C2589: '(': illegal token on right side of '::' [C:\\Users\\nabet\\Desktop\\GUI\\ROTAS-ROS2\\build\\ROTAS_pkg\\relay.vcxproj]\r\n"}
[4.797000] (ROTAS_pkg) StdoutLine: {'line': b"C:/dev/ros2_jazzy/include/libstatistics_collector\\libstatistics_collector/moving_average_statistics/moving_average.hpp(130): error C2062: type 'unknown-type' unexpected [C:\\Users\\nabet\\Desktop\\GUI\\ROTAS-ROS2\\build\\ROTAS_pkg\\relay.vcxproj]\r\n"}
[4.797000] (ROTAS_pkg) StdoutLine: {'line': b"C:/dev/ros2_jazzy/include/libstatistics_collector\\libstatistics_collector/moving_average_statistics/moving_average.hpp(130,48): error C2059: syntax error: ')' [C:\\Users\\nabet\\Desktop\\GUI\\ROTAS-ROS2\\build\\ROTAS_pkg\\relay.vcxproj]\r\n"}
[4.797000] (ROTAS_pkg) StdoutLine: {'line': b"C:/dev/ros2_jazzy/include/libstatistics_collector\\libstatistics_collector/moving_average_statistics/moving_average.hpp(131,79): error C2589: '(': illegal token on right side of '::' [C:\\Users\\nabet\\Desktop\\GUI\\ROTAS-ROS2\\build\\ROTAS_pkg\\relay.vcxproj]\r\n"}
[4.797000] (ROTAS_pkg) StdoutLine: {'line': b"C:/dev/ros2_jazzy/include/libstatistics_collector\\libstatistics_collector/moving_average_statistics/moving_average.hpp(131): error C2062: type 'unknown-type' unexpected [C:\\Users\\nabet\\Desktop\\GUI\\ROTAS-ROS2\\build\\ROTAS_pkg\\relay.vcxproj]\r\n"}
[4.797000] (ROTAS_pkg) StdoutLine: {'line': b"C:/dev/ros2_jazzy/include/libstatistics_collector\\libstatistics_collector/moving_average_statistics/moving_average.hpp(131,48): error C2059: syntax error: ')' [C:\\Users\\nabet\\Desktop\\GUI\\ROTAS-ROS2\\build\\ROTAS_pkg\\relay.vcxproj]\r\n"}
[4.828000] (-) TimerEvent: {}
[4.843000] (ROTAS_pkg) StdoutLine: {'line': b"C:/dev/ros2_jazzy/include/rclcpp\\rclcpp/topic_statistics/subscription_topic_statistics.hpp(76): error C2668: 'rclcpp::Time::Time': ambiguous call to overloaded function [C:\\Users\\nabet\\Desktop\\GUI\\ROTAS-ROS2\\build\\ROTAS_pkg\\relay.vcxproj]\r\n"}
[4.843000] (ROTAS_pkg) StdoutLine: {'line': b"C:/dev/ros2_jazzy/include/rclcpp\\rclcpp/time.hpp(202,3): message : could be 'rclcpp::Time::Time(void)' [C:\\Users\\nabet\\Desktop\\GUI\\ROTAS-ROS2\\build\\ROTAS_pkg\\relay.vcxproj]\r\n"}
[4.843000] (ROTAS_pkg) StdoutLine: {'line': b"C:/dev/ros2_jazzy/include/rclcpp\\rclcpp/time.hpp(53,3): message : or       'rclcpp::Time::Time(int64_t,rcl_clock_type_t)' [C:\\Users\\nabet\\Desktop\\GUI\\ROTAS-ROS2\\build\\ROTAS_pkg\\relay.vcxproj]\r\n"}
[4.843000] (ROTAS_pkg) StdoutLine: {'line': b"C:/dev/ros2_jazzy/include/rclcpp\\rclcpp/topic_statistics/subscription_topic_statistics.hpp(76,1): message : while trying to match the argument list '()' [C:\\Users\\nabet\\Desktop\\GUI\\ROTAS-ROS2\\build\\ROTAS_pkg\\relay.vcxproj]\r\n"}
[4.937000] (-) TimerEvent: {}
[5.047000] (-) TimerEvent: {}
[5.172000] (-) TimerEvent: {}
[5.281000] (ROTAS_pkg) StdoutLine: {'line': b"C:/dev/ros2_jazzy/include/rclcpp\\rclcpp/create_timer.hpp(56,31): warning C4003: not enough arguments for function-like macro invocation 'max' [C:\\Users\\nabet\\Desktop\\GUI\\ROTAS-ROS2\\build\\ROTAS_pkg\\relay.vcxproj]\r\n"}
[5.281000] (-) TimerEvent: {}
[5.297000] (ROTAS_pkg) StdoutLine: {'line': b"C:/dev/ros2_jazzy/include/rclcpp\\rclcpp/experimental/executors/events_executor/events_queue.hpp(75,66): warning C4003: not enough arguments for function-like macro invocation 'max' [C:\\Users\\nabet\\Desktop\\GUI\\ROTAS-ROS2\\build\\ROTAS_pkg\\relay.vcxproj]\r\n"}
[5.297000] (ROTAS_pkg) StdoutLine: {'line': b"C:/dev/ros2_jazzy/include/rclcpp\\rclcpp/experimental/executors/events_executor/events_queue.hpp(75,66): error C2589: '(': illegal token on right side of '::' [C:\\Users\\nabet\\Desktop\\GUI\\ROTAS-ROS2\\build\\ROTAS_pkg\\relay.vcxproj]\r\n"}
[5.297000] (ROTAS_pkg) StdoutLine: {'line': b"C:/dev/ros2_jazzy/include/rclcpp\\rclcpp/experimental/executors/events_executor/events_queue.hpp(75,71): error C2059: syntax error: ')' [C:\\Users\\nabet\\Desktop\\GUI\\ROTAS-ROS2\\build\\ROTAS_pkg\\relay.vcxproj]\r\n"}
[5.297000] (ROTAS_pkg) StdoutLine: {'line': b"C:/dev/ros2_jazzy/include/rclcpp\\rclcpp/experimental/executors/events_executor/events_queue.hpp(75,38): error C2062: type 'unknown-type' unexpected [C:\\Users\\nabet\\Desktop\\GUI\\ROTAS-ROS2\\build\\ROTAS_pkg\\relay.vcxproj]\r\n"}
[5.297000] (ROTAS_pkg) StdoutLine: {'line': b"C:/dev/ros2_jazzy/include/rclcpp\\rclcpp/experimental/executors/events_executor/events_queue.hpp(75,38): error C2059: syntax error: ')' [C:\\Users\\nabet\\Desktop\\GUI\\ROTAS-ROS2\\build\\ROTAS_pkg\\relay.vcxproj]\r\n"}
[5.297000] (ROTAS_pkg) StdoutLine: {'line': b"C:/dev/ros2_jazzy/include/rclcpp\\rclcpp/experimental/executors/events_executor/events_queue.hpp(94,1): error C2059: syntax error: '<L_GRAMMAR_end_class>' [C:\\Users\\nabet\\Desktop\\GUI\\ROTAS-ROS2\\build\\ROTAS_pkg\\relay.vcxproj]\r\n"}
[5.297000] (ROTAS_pkg) StdoutLine: {'line': b"C:/dev/ros2_jazzy/include/rclcpp\\rclcpp/experimental/executors/events_executor/simple_events_queue.hpp(73,66): warning C4003: not enough arguments for function-like macro invocation 'max' [C:\\Users\\nabet\\Desktop\\GUI\\ROTAS-ROS2\\build\\ROTAS_pkg\\relay.vcxproj]\r\n"}
[5.312000] (ROTAS_pkg) StdoutLine: {'line': b"C:/dev/ros2_jazzy/include/rclcpp\\rclcpp/experimental/executors/events_executor/simple_events_queue.hpp(73,66): error C2589: '(': illegal token on right side of '::' [C:\\Users\\nabet\\Desktop\\GUI\\ROTAS-ROS2\\build\\ROTAS_pkg\\relay.vcxproj]\r\n"}
[5.312000] (ROTAS_pkg) StdoutLine: {'line': b"C:/dev/ros2_jazzy/include/rclcpp\\rclcpp/experimental/executors/events_executor/simple_events_queue.hpp(73,71): error C2059: syntax error: ')' [C:\\Users\\nabet\\Desktop\\GUI\\ROTAS-ROS2\\build\\ROTAS_pkg\\relay.vcxproj]\r\n"}
[5.312000] (ROTAS_pkg) StdoutLine: {'line': b"C:/dev/ros2_jazzy/include/rclcpp\\rclcpp/experimental/executors/events_executor/simple_events_queue.hpp(79,46): warning C4003: not enough arguments for function-like macro invocation 'max' [C:\\Users\\nabet\\Desktop\\GUI\\ROTAS-ROS2\\build\\ROTAS_pkg\\relay.vcxproj]\r\n"}
[5.312000] (ROTAS_pkg) StdoutLine: {'line': b"C:/dev/ros2_jazzy/include/rclcpp\\rclcpp/experimental/executors/events_executor/simple_events_queue.hpp(73,38): error C2062: type 'unknown-type' unexpected [C:\\Users\\nabet\\Desktop\\GUI\\ROTAS-ROS2\\build\\ROTAS_pkg\\relay.vcxproj]\r\n"}
[5.312000] (ROTAS_pkg) StdoutLine: {'line': b"C:/dev/ros2_jazzy/include/rclcpp\\rclcpp/experimental/executors/events_executor/simple_events_queue.hpp(73,38): error C2059: syntax error: ')' [C:\\Users\\nabet\\Desktop\\GUI\\ROTAS-ROS2\\build\\ROTAS_pkg\\relay.vcxproj]\r\n"}
[5.312000] (ROTAS_pkg) StdoutLine: {'line': b"C:/dev/ros2_jazzy/include/rclcpp\\rclcpp/experimental/executors/events_executor/simple_events_queue.hpp(128,1): error C2059: syntax error: '<L_GRAMMAR_end_class>' [C:\\Users\\nabet\\Desktop\\GUI\\ROTAS-ROS2\\build\\ROTAS_pkg\\relay.vcxproj]\r\n"}
[5.312000] (ROTAS_pkg) StdoutLine: {'line': b"C:/dev/ros2_jazzy/include/rclcpp\\rclcpp/experimental/executors/events_executor/simple_events_queue.hpp(52,3): error C2587: 'this': illegal use of local variable as default parameter [C:\\Users\\nabet\\Desktop\\GUI\\ROTAS-ROS2\\build\\ROTAS_pkg\\relay.vcxproj]\r\n"}
[5.312000] (ROTAS_pkg) StdoutLine: {'line': b"C:/dev/ros2_jazzy/include/rclcpp\\rclcpp/experimental/executors/events_executor/simple_events_queue.hpp(51): message : see declaration of 'this' [C:\\Users\\nabet\\Desktop\\GUI\\ROTAS-ROS2\\build\\ROTAS_pkg\\relay.vcxproj]\r\n"}
[5.312000] (ROTAS_pkg) StdoutLine: {'line': b"C:/dev/ros2_jazzy/include/rclcpp\\rclcpp/experimental/executors/events_executor/simple_events_queue.hpp(53,1): error C2587: 'event': illegal use of local variable as default parameter [C:\\Users\\nabet\\Desktop\\GUI\\ROTAS-ROS2\\build\\ROTAS_pkg\\relay.vcxproj]\r\n"}
[5.312000] (ROTAS_pkg) StdoutLine: {'line': b"C:/dev/ros2_jazzy/include/rclcpp\\rclcpp/experimental/executors/events_executor/simple_events_queue.hpp(51): message : see declaration of 'event' [C:\\Users\\nabet\\Desktop\\GUI\\ROTAS-ROS2\\build\\ROTAS_pkg\\relay.vcxproj]\r\n"}
[5.312000] (ROTAS_pkg) StdoutLine: {'line': b"C:/dev/ros2_jazzy/include/rclcpp\\rclcpp/experimental/executors/events_executor/simple_events_queue.hpp(53,1): error C2587: 'single_event': illegal use of local variable as default parameter [C:\\Users\\nabet\\Desktop\\GUI\\ROTAS-ROS2\\build\\ROTAS_pkg\\relay.vcxproj]\r\n"}
[5.312000] (ROTAS_pkg) StdoutLine: {'line': b"C:/dev/ros2_jazzy/include/rclcpp\\rclcpp/experimental/executors/events_executor/simple_events_queue.hpp(53): message : see declaration of 'single_event' [C:\\Users\\nabet\\Desktop\\GUI\\ROTAS-ROS2\\build\\ROTAS_pkg\\relay.vcxproj]\r\n"}
[5.312000] (ROTAS_pkg) StdoutLine: {'line': b'C:/dev/ros2_jazzy/include/rclcpp\\rclcpp/experimental/executors/events_executor/simple_events_queue.hpp(53,1): fatal error C1903: unable to recover from previous error(s); stopping compilation [C:\\Users\\nabet\\Desktop\\GUI\\ROTAS-ROS2\\build\\ROTAS_pkg\\relay.vcxproj]\r\n'}
[5.312000] (ROTAS_pkg) StdoutLine: {'line': b"  INTERNAL COMPILER ERROR in 'C:\\Program Files (x86)\\Microsoft Visual Studio\\2019\\Community\\VC\\Tools\\MSVC\\14.29.30133\\bin\\HostX64\\x64\\CL.exe'\r\n"}
[5.312000] (ROTAS_pkg) StdoutLine: {'line': b'      Please choose the Technical Support command on the Visual C++\r\n'}
[5.312000] (ROTAS_pkg) StdoutLine: {'line': b'      Help menu, or open the Technical Support help file for more information\r\n'}
[5.390000] (-) TimerEvent: {}
[5.500000] (-) TimerEvent: {}
[5.609000] (-) TimerEvent: {}
[5.718000] (-) TimerEvent: {}
[5.859000] (-) TimerEvent: {}
[5.968000] (-) TimerEvent: {}
[6.093000] (-) TimerEvent: {}
[6.218000] (-) TimerEvent: {}
[6.328000] (-) TimerEvent: {}
[6.453000] (-) TimerEvent: {}
[6.578000] (-) TimerEvent: {}
[6.687000] (-) TimerEvent: {}
[6.828000] (-) TimerEvent: {}
[6.953000] (-) TimerEvent: {}
[7.078000] (-) TimerEvent: {}
[7.203000] (-) TimerEvent: {}
[7.312000] (-) TimerEvent: {}
[7.437000] (-) TimerEvent: {}
[7.547000] (-) TimerEvent: {}
[7.656000] (-) TimerEvent: {}
[7.781000] (-) TimerEvent: {}
[7.890000] (-) TimerEvent: {}
[8.000000] (-) TimerEvent: {}
[8.109000] (-) TimerEvent: {}
[8.218000] (-) TimerEvent: {}
[8.328000] (-) TimerEvent: {}
[8.453000] (-) TimerEvent: {}
[8.578000] (-) TimerEvent: {}
[8.672000] (ROTAS_pkg) StdoutLine: {'line': b'  Building Custom Rule C:/Users/nabet/Desktop/GUI/ROTAS-ROS2/src/ROTAS_pkg/CMakeLists.txt\r\n'}
[8.703000] (-) TimerEvent: {}
[8.812000] (-) TimerEvent: {}
[8.875000] (ROTAS_pkg) StdoutLine: {'line': b'  ros2_talker.cpp\r\n'}
[8.922000] (-) TimerEvent: {}
[9.031000] (-) TimerEvent: {}
[9.156000] (-) TimerEvent: {}
[9.265000] (-) TimerEvent: {}
[9.375000] (-) TimerEvent: {}
[9.484000] (-) TimerEvent: {}
[9.625000] (-) TimerEvent: {}
[9.734000] (-) TimerEvent: {}
[9.843000] (-) TimerEvent: {}
[9.953000] (-) TimerEvent: {}
[10.062000] (-) TimerEvent: {}
[10.172000] (-) TimerEvent: {}
[10.281000] (-) TimerEvent: {}
[10.390000] (-) TimerEvent: {}
[10.500000] (-) TimerEvent: {}
[10.609000] (-) TimerEvent: {}
[10.718000] (-) TimerEvent: {}
[10.828000] (-) TimerEvent: {}
[10.937000] (-) TimerEvent: {}
[11.031000] (ROTAS_pkg) StdoutLine: {'line': b"C:\\Users\\nabet\\Desktop\\GUI\\ROTAS-ROS2\\src\\ROTAS_pkg\\src\\ros2_talker.cpp(2,10): fatal error C1083: Cannot open include file: 'std_msgs/msg/Int32MultiArray.hpp': No such file or directory [C:\\Users\\nabet\\Desktop\\GUI\\ROTAS-ROS2\\build\\ROTAS_pkg\\talker.vcxproj]\r\n"}
[11.047000] (-) TimerEvent: {}
[11.156000] (-) TimerEvent: {}
[11.281000] (-) TimerEvent: {}
[11.375000] (ROTAS_pkg) CommandEnded: {'returncode': 1}
[11.390000] (-) TimerEvent: {}
[11.390000] (ROTAS_pkg) JobEnded: {'identifier': 'ROTAS_pkg', 'rc': 1}
[11.406000] (-) EventReactorShutdown: {}
