Microsoft (R) Build Engine version 16.11.2+f32259642 for .NET Framework
Copyright (C) Microsoft Corporation. All rights reserved.

  1>Checking Build System
  Building Custom Rule C:/Users/nabet/Desktop/GUI/ROTAS-ROS2/src/ROTAS_pkg/CMakeLists.txt
  ros2_relay.cpp
C:/dev/ros2_jazzy/include/rclcpp\rclcpp/utilities.hpp(250,51): warning C4003: not enough arguments for function-like macro invocation 'max' [C:\Users\nabet\Desktop\GUI\ROTAS-ROS2\build\ROTAS_pkg\relay.vcxproj]
C:/dev/ros2_jazzy/include/rclcpp\rclcpp/utilities.hpp(267,51): warning C4003: not enough arguments for function-like macro invocation 'min' [C:\Users\nabet\Desktop\GUI\ROTAS-ROS2\build\ROTAS_pkg\relay.vcxproj]
C:/dev/ros2_jazzy/include/rclcpp\rclcpp/utilities.hpp(284,51): warning C4003: not enough arguments for function-like macro invocation 'max' [C:\Users\nabet\Desktop\GUI\ROTAS-ROS2\build\ROTAS_pkg\relay.vcxproj]
C:/dev/ros2_jazzy/include/rclcpp\rclcpp/utilities.hpp(301,51): warning C4003: not enough arguments for function-like macro invocation 'min' [C:\Users\nabet\Desktop\GUI\ROTAS-ROS2\build\ROTAS_pkg\relay.vcxproj]
C:/dev/ros2_jazzy/include/rclcpp\rclcpp/duration.hpp(109,3): warning C4003: not enough arguments for function-like macro invocation 'max' [C:\Users\nabet\Desktop\GUI\ROTAS-ROS2\build\ROTAS_pkg\relay.vcxproj]
C:/dev/ros2_jazzy/include/rclcpp\rclcpp/duration.hpp(109,3): error C2059: syntax error: '(' [C:\Users\nabet\Desktop\GUI\ROTAS-ROS2\build\ROTAS_pkg\relay.vcxproj]
C:/dev/ros2_jazzy/include/rclcpp\rclcpp/duration.hpp(109,3): error C2143: syntax error: missing ',' before '?' [C:\Users\nabet\Desktop\GUI\ROTAS-ROS2\build\ROTAS_pkg\relay.vcxproj]
C:/dev/ros2_jazzy/include/rclcpp\rclcpp/duration.hpp(109,3): error C2059: syntax error: '?' [C:\Users\nabet\Desktop\GUI\ROTAS-ROS2\build\ROTAS_pkg\relay.vcxproj]
C:/dev/ros2_jazzy/include/rclcpp\rclcpp/duration.hpp(159,11): error C2535: 'rclcpp::Duration::Duration(void)': member function already defined or declared [C:\Users\nabet\Desktop\GUI\ROTAS-ROS2\build\ROTAS_pkg\relay.vcxproj]
C:/dev/ros2_jazzy/include/rclcpp\rclcpp/duration.hpp(107): message : see declaration of 'rclcpp::Duration::Duration' [C:\Users\nabet\Desktop\GUI\ROTAS-ROS2\build\ROTAS_pkg\relay.vcxproj]
C:/dev/ros2_jazzy/include/rclcpp\rclcpp/time.hpp(204,3): warning C4003: not enough arguments for function-like macro invocation 'max' [C:\Users\nabet\Desktop\GUI\ROTAS-ROS2\build\ROTAS_pkg\relay.vcxproj]
C:/dev/ros2_jazzy/include/rclcpp\rclcpp/time.hpp(204,3): error C2059: syntax error: '(' [C:\Users\nabet\Desktop\GUI\ROTAS-ROS2\build\ROTAS_pkg\relay.vcxproj]
C:/dev/ros2_jazzy/include/rclcpp\rclcpp/time.hpp(204,3): error C2143: syntax error: missing ',' before '?' [C:\Users\nabet\Desktop\GUI\ROTAS-ROS2\build\ROTAS_pkg\relay.vcxproj]
C:/dev/ros2_jazzy/include/rclcpp\rclcpp/time.hpp(204,3): error C2059: syntax error: '?' [C:\Users\nabet\Desktop\GUI\ROTAS-ROS2\build\ROTAS_pkg\relay.vcxproj]
C:/dev/ros2_jazzy/include/rcpputils\rcpputils/time.hpp(39,31): warning C4003: not enough arguments for function-like macro invocation 'max' [C:\Users\nabet\Desktop\GUI\ROTAS-ROS2\build\ROTAS_pkg\relay.vcxproj]
C:/dev/ros2_jazzy/include/rcpputils\rcpputils/time.hpp(47,31): warning C4003: not enough arguments for function-like macro invocation 'min' [C:\Users\nabet\Desktop\GUI\ROTAS-ROS2\build\ROTAS_pkg\relay.vcxproj]
C:/dev/ros2_jazzy/include/rclcpp\rclcpp/experimental/subscription_intra_process_base.hpp(169,39): error C2589: '(': illegal token on right side of '::' [C:\Users\nabet\Desktop\GUI\ROTAS-ROS2\build\ROTAS_pkg\relay.vcxproj]
C:/dev/ros2_jazzy/include/rclcpp\rclcpp/experimental/subscription_intra_process_base.hpp(169): error C2144: syntax error: 'unknown-type' should be preceded by ')' [C:\Users\nabet\Desktop\GUI\ROTAS-ROS2\build\ROTAS_pkg\relay.vcxproj]
C:/dev/ros2_jazzy/include/rclcpp\rclcpp/experimental/subscription_intra_process_base.hpp(169,1): error C2064: term does not evaluate to a function taking 0 arguments [C:\Users\nabet\Desktop\GUI\ROTAS-ROS2\build\ROTAS_pkg\relay.vcxproj]
C:/dev/ros2_jazzy/include/rclcpp\rclcpp/experimental/subscription_intra_process_base.hpp(169,1): message : class does not define an 'operator()' or a user defined conversion operator to a pointer-to-function or reference-to-function that takes appropriate number of arguments [C:\Users\nabet\Desktop\GUI\ROTAS-ROS2\build\ROTAS_pkg\relay.vcxproj]
C:/dev/ros2_jazzy/include/rclcpp\rclcpp/experimental/subscription_intra_process_base.hpp(169): error C2144: syntax error: 'unknown-type' should be preceded by ';' [C:\Users\nabet\Desktop\GUI\ROTAS-ROS2\build\ROTAS_pkg\relay.vcxproj]
C:/dev/ros2_jazzy/include/rclcpp\rclcpp/experimental/subscription_intra_process_base.hpp(169,39): error C2143: syntax error: missing ')' before '<' [C:\Users\nabet\Desktop\GUI\ROTAS-ROS2\build\ROTAS_pkg\relay.vcxproj]
C:/dev/ros2_jazzy/include/rclcpp\rclcpp/experimental/subscription_intra_process_base.hpp(169,39): error C2143: syntax error: missing ';' before '<' [C:\Users\nabet\Desktop\GUI\ROTAS-ROS2\build\ROTAS_pkg\relay.vcxproj]
C:/dev/ros2_jazzy/include/rclcpp\rclcpp/experimental/subscription_intra_process_base.hpp(169,1): error C2059: syntax error: ')' [C:\Users\nabet\Desktop\GUI\ROTAS-ROS2\build\ROTAS_pkg\relay.vcxproj]
C:/dev/ros2_jazzy/include/libstatistics_collector\libstatistics_collector/moving_average_statistics/moving_average.hpp(130,79): warning C4003: not enough arguments for function-like macro invocation 'max' [C:\Users\nabet\Desktop\GUI\ROTAS-ROS2\build\ROTAS_pkg\relay.vcxproj]
C:/dev/ros2_jazzy/include/libstatistics_collector\libstatistics_collector/moving_average_statistics/moving_average.hpp(131,79): warning C4003: not enough arguments for function-like macro invocation 'min' [C:\Users\nabet\Desktop\GUI\ROTAS-ROS2\build\ROTAS_pkg\relay.vcxproj]
C:/dev/ros2_jazzy/include/libstatistics_collector\libstatistics_collector/moving_average_statistics/moving_average.hpp(130,79): error C2589: '(': illegal token on right side of '::' [C:\Users\nabet\Desktop\GUI\ROTAS-ROS2\build\ROTAS_pkg\relay.vcxproj]
C:/dev/ros2_jazzy/include/libstatistics_collector\libstatistics_collector/moving_average_statistics/moving_average.hpp(130): error C2062: type 'unknown-type' unexpected [C:\Users\nabet\Desktop\GUI\ROTAS-ROS2\build\ROTAS_pkg\relay.vcxproj]
C:/dev/ros2_jazzy/include/libstatistics_collector\libstatistics_collector/moving_average_statistics/moving_average.hpp(130,48): error C2059: syntax error: ')' [C:\Users\nabet\Desktop\GUI\ROTAS-ROS2\build\ROTAS_pkg\relay.vcxproj]
C:/dev/ros2_jazzy/include/libstatistics_collector\libstatistics_collector/moving_average_statistics/moving_average.hpp(131,79): error C2589: '(': illegal token on right side of '::' [C:\Users\nabet\Desktop\GUI\ROTAS-ROS2\build\ROTAS_pkg\relay.vcxproj]
C:/dev/ros2_jazzy/include/libstatistics_collector\libstatistics_collector/moving_average_statistics/moving_average.hpp(131): error C2062: type 'unknown-type' unexpected [C:\Users\nabet\Desktop\GUI\ROTAS-ROS2\build\ROTAS_pkg\relay.vcxproj]
C:/dev/ros2_jazzy/include/libstatistics_collector\libstatistics_collector/moving_average_statistics/moving_average.hpp(131,48): error C2059: syntax error: ')' [C:\Users\nabet\Desktop\GUI\ROTAS-ROS2\build\ROTAS_pkg\relay.vcxproj]
C:/dev/ros2_jazzy/include/rclcpp\rclcpp/topic_statistics/subscription_topic_statistics.hpp(76): error C2668: 'rclcpp::Time::Time': ambiguous call to overloaded function [C:\Users\nabet\Desktop\GUI\ROTAS-ROS2\build\ROTAS_pkg\relay.vcxproj]
C:/dev/ros2_jazzy/include/rclcpp\rclcpp/time.hpp(202,3): message : could be 'rclcpp::Time::Time(void)' [C:\Users\nabet\Desktop\GUI\ROTAS-ROS2\build\ROTAS_pkg\relay.vcxproj]
C:/dev/ros2_jazzy/include/rclcpp\rclcpp/time.hpp(53,3): message : or       'rclcpp::Time::Time(int64_t,rcl_clock_type_t)' [C:\Users\nabet\Desktop\GUI\ROTAS-ROS2\build\ROTAS_pkg\relay.vcxproj]
C:/dev/ros2_jazzy/include/rclcpp\rclcpp/topic_statistics/subscription_topic_statistics.hpp(76,1): message : while trying to match the argument list '()' [C:\Users\nabet\Desktop\GUI\ROTAS-ROS2\build\ROTAS_pkg\relay.vcxproj]
C:/dev/ros2_jazzy/include/rclcpp\rclcpp/create_timer.hpp(56,31): warning C4003: not enough arguments for function-like macro invocation 'max' [C:\Users\nabet\Desktop\GUI\ROTAS-ROS2\build\ROTAS_pkg\relay.vcxproj]
C:/dev/ros2_jazzy/include/rclcpp\rclcpp/experimental/executors/events_executor/events_queue.hpp(75,66): warning C4003: not enough arguments for function-like macro invocation 'max' [C:\Users\nabet\Desktop\GUI\ROTAS-ROS2\build\ROTAS_pkg\relay.vcxproj]
C:/dev/ros2_jazzy/include/rclcpp\rclcpp/experimental/executors/events_executor/events_queue.hpp(75,66): error C2589: '(': illegal token on right side of '::' [C:\Users\nabet\Desktop\GUI\ROTAS-ROS2\build\ROTAS_pkg\relay.vcxproj]
C:/dev/ros2_jazzy/include/rclcpp\rclcpp/experimental/executors/events_executor/events_queue.hpp(75,71): error C2059: syntax error: ')' [C:\Users\nabet\Desktop\GUI\ROTAS-ROS2\build\ROTAS_pkg\relay.vcxproj]
C:/dev/ros2_jazzy/include/rclcpp\rclcpp/experimental/executors/events_executor/events_queue.hpp(75,38): error C2062: type 'unknown-type' unexpected [C:\Users\nabet\Desktop\GUI\ROTAS-ROS2\build\ROTAS_pkg\relay.vcxproj]
C:/dev/ros2_jazzy/include/rclcpp\rclcpp/experimental/executors/events_executor/events_queue.hpp(75,38): error C2059: syntax error: ')' [C:\Users\nabet\Desktop\GUI\ROTAS-ROS2\build\ROTAS_pkg\relay.vcxproj]
C:/dev/ros2_jazzy/include/rclcpp\rclcpp/experimental/executors/events_executor/events_queue.hpp(94,1): error C2059: syntax error: '<L_GRAMMAR_end_class>' [C:\Users\nabet\Desktop\GUI\ROTAS-ROS2\build\ROTAS_pkg\relay.vcxproj]
C:/dev/ros2_jazzy/include/rclcpp\rclcpp/experimental/executors/events_executor/simple_events_queue.hpp(73,66): warning C4003: not enough arguments for function-like macro invocation 'max' [C:\Users\nabet\Desktop\GUI\ROTAS-ROS2\build\ROTAS_pkg\relay.vcxproj]
C:/dev/ros2_jazzy/include/rclcpp\rclcpp/experimental/executors/events_executor/simple_events_queue.hpp(73,66): error C2589: '(': illegal token on right side of '::' [C:\Users\nabet\Desktop\GUI\ROTAS-ROS2\build\ROTAS_pkg\relay.vcxproj]
C:/dev/ros2_jazzy/include/rclcpp\rclcpp/experimental/executors/events_executor/simple_events_queue.hpp(73,71): error C2059: syntax error: ')' [C:\Users\nabet\Desktop\GUI\ROTAS-ROS2\build\ROTAS_pkg\relay.vcxproj]
C:/dev/ros2_jazzy/include/rclcpp\rclcpp/experimental/executors/events_executor/simple_events_queue.hpp(79,46): warning C4003: not enough arguments for function-like macro invocation 'max' [C:\Users\nabet\Desktop\GUI\ROTAS-ROS2\build\ROTAS_pkg\relay.vcxproj]
C:/dev/ros2_jazzy/include/rclcpp\rclcpp/experimental/executors/events_executor/simple_events_queue.hpp(73,38): error C2062: type 'unknown-type' unexpected [C:\Users\nabet\Desktop\GUI\ROTAS-ROS2\build\ROTAS_pkg\relay.vcxproj]
C:/dev/ros2_jazzy/include/rclcpp\rclcpp/experimental/executors/events_executor/simple_events_queue.hpp(73,38): error C2059: syntax error: ')' [C:\Users\nabet\Desktop\GUI\ROTAS-ROS2\build\ROTAS_pkg\relay.vcxproj]
C:/dev/ros2_jazzy/include/rclcpp\rclcpp/experimental/executors/events_executor/simple_events_queue.hpp(128,1): error C2059: syntax error: '<L_GRAMMAR_end_class>' [C:\Users\nabet\Desktop\GUI\ROTAS-ROS2\build\ROTAS_pkg\relay.vcxproj]
C:/dev/ros2_jazzy/include/rclcpp\rclcpp/experimental/executors/events_executor/simple_events_queue.hpp(52,3): error C2587: 'this': illegal use of local variable as default parameter [C:\Users\nabet\Desktop\GUI\ROTAS-ROS2\build\ROTAS_pkg\relay.vcxproj]
C:/dev/ros2_jazzy/include/rclcpp\rclcpp/experimental/executors/events_executor/simple_events_queue.hpp(51): message : see declaration of 'this' [C:\Users\nabet\Desktop\GUI\ROTAS-ROS2\build\ROTAS_pkg\relay.vcxproj]
C:/dev/ros2_jazzy/include/rclcpp\rclcpp/experimental/executors/events_executor/simple_events_queue.hpp(53,1): error C2587: 'event': illegal use of local variable as default parameter [C:\Users\nabet\Desktop\GUI\ROTAS-ROS2\build\ROTAS_pkg\relay.vcxproj]
C:/dev/ros2_jazzy/include/rclcpp\rclcpp/experimental/executors/events_executor/simple_events_queue.hpp(51): message : see declaration of 'event' [C:\Users\nabet\Desktop\GUI\ROTAS-ROS2\build\ROTAS_pkg\relay.vcxproj]
C:/dev/ros2_jazzy/include/rclcpp\rclcpp/experimental/executors/events_executor/simple_events_queue.hpp(53,1): error C2587: 'single_event': illegal use of local variable as default parameter [C:\Users\nabet\Desktop\GUI\ROTAS-ROS2\build\ROTAS_pkg\relay.vcxproj]
C:/dev/ros2_jazzy/include/rclcpp\rclcpp/experimental/executors/events_executor/simple_events_queue.hpp(53): message : see declaration of 'single_event' [C:\Users\nabet\Desktop\GUI\ROTAS-ROS2\build\ROTAS_pkg\relay.vcxproj]
C:/dev/ros2_jazzy/include/rclcpp\rclcpp/experimental/executors/events_executor/simple_events_queue.hpp(53,1): fatal error C1903: unable to recover from previous error(s); stopping compilation [C:\Users\nabet\Desktop\GUI\ROTAS-ROS2\build\ROTAS_pkg\relay.vcxproj]
  INTERNAL COMPILER ERROR in 'C:\Program Files (x86)\Microsoft Visual Studio\2019\Community\VC\Tools\MSVC\14.29.30133\bin\HostX64\x64\CL.exe'
      Please choose the Technical Support command on the Visual C++
      Help menu, or open the Technical Support help file for more information
  Building Custom Rule C:/Users/nabet/Desktop/GUI/ROTAS-ROS2/src/ROTAS_pkg/CMakeLists.txt
  talker.vcxproj -> C:\Users\nabet\Desktop\GUI\ROTAS-ROS2\build\ROTAS_pkg\Release\talker.exe
