[0.000000] (-) TimerEvent: {}
[0.000000] (ROTAS_pkg) JobQueued: {'identifier': 'ROTAS_pkg', 'dependencies': OrderedDict()}
[0.000000] (ROTAS_pkg) JobStarted: {'identifier': 'ROTAS_pkg'}
[0.110000] (-) TimerEvent: {}
[0.235000] (-) TimerEvent: {}
[0.344000] (-) TimerEvent: {}
[0.391000] (ROTAS_pkg) JobProgress: {'identifier': 'ROTAS_pkg', 'progress': 'cmake'}
[0.391000] (ROTAS_pkg) JobProgress: {'identifier': 'ROTAS_pkg', 'progress': 'build'}
[0.391000] (ROTAS_pkg) Command: {'cmd': ['C:\\Program Files\\CMake\\bin\\cmake.EXE', '--build', 'C:\\Users\\nabet\\Desktop\\GUI\\ROTAS-ROS2\\build\\ROTAS_pkg', '--config', 'Release'], 'cwd': 'C:\\Users\\nabet\\Desktop\\GUI\\ROTAS-ROS2\\build\\ROTAS_pkg', 'env': {'OS': 'Windows_NT', 'TMP': 'C:\\Users\\nabet\\AppData\\Local\\Temp', 'PSModulePath': 'C:\\Users\\nabet\\Documents\\WindowsPowerShell\\Modules;C:\\Program Files\\WindowsPowerShell\\Modules;C:\\Windows\\system32\\WindowsPowerShell\\v1.0\\Modules', 'ExtensionSdkDir': 'C:\\Program Files (x86)\\Microsoft SDKs\\Windows Kits\\10\\ExtensionSDKs', '__devinit_path': 'C:\\Program Files (x86)\\Microsoft Visual Studio\\2019\\Community\\Common7\\Tools\\devinit\\devinit.exe', 'ROS_DOMAIN_ID': '100', 'AMENT_PREFIX_PATH': 'C:\\Users\\nabet\\Desktop\\GUI\\ROTAS-ROS2\\install;C:\\dev\\ros2_jazzy;', 'ACSvcPort': '17532', 'IGCCSVC_DB': 'AQAAANCMnd8BFdERjHoAwE/Cl+sBAAAA3oBnLk9kMEuSRy0X16Z/vQQAAAACAAAAAAAQZgAAAAEAACAAAADm8C9FruYbjsFsl3S+7Grb03DyHmefgt9oEGStD+prYwAAAAAOgAAAAAIAACAAAACRN40bI5+ND+in46uACquN3UwXimUVztp1NOlesir2i2AAAACpdC/BBCfZNxa1QIGxPpDDXGzmIIlaOeFU2BY88WLLZv442I0T1jRmkXz1MEU7YBVO6UnVDJg7zgkTv25cLOpIcTTZdJunTof9ZiuvXRA6C3ZUVD0QLEUsFFjEfFOo2JVAAAAAOS0rwbnoZjBpcFS36Ew87ZI4437PxuuyrkDHUo4zN1YBSmG1p4fZf3l9VcyvmJS8ywAxSVnK1ixCTZFNVEKsqw==', 'ProgramData': 'C:\\ProgramData', 'VCIDEInstallDir': 'C:\\Program Files (x86)\\Microsoft Visual Studio\\2019\\Community\\Common7\\IDE\\VC\\', 'Framework40Version': 'v4.0', 'FPS_BROWSER_USER_PROFILE_STRING': 'Default', 'WindowsSDKVersion': '10.0.19041.0\\', '__VSCMD_PREINIT_PATH': 'C:\\dev\\ros2_jazzy\\opt/zstd_vendor/lib;C:\\dev\\ros2_jazzy\\opt/zstd_vendor/bin;C:\\dev\\ros2_jazzy\\opt/yaml_cpp_vendor/lib;C:\\dev\\ros2_jazzy\\opt/yaml_cpp_vendor/bin;C:\\dev\\ros2_jazzy\\opt/uncrustify_vendor/bin;C:\\dev\\ros2_jazzy\\opt/sqlite3_vendor/lib;C:\\dev\\ros2_jazzy\\opt/sqlite3_vendor/bin;C:\\dev\\ros2_jazzy\\opt/spdlog_vendor/lib;C:\\dev\\ros2_jazzy\\opt/spdlog_vendor/bin;C:\\dev\\ros2_jazzy\\opt/rviz_ogre_vendor/lib;C:\\dev\\ros2_jazzy\\opt/rviz_ogre_vendor/bin;C:\\dev\\ros2_jazzy\\opt/rviz_assimp_vendor/lib;C:\\dev\\ros2_jazzy\\opt/rviz_assimp_vendor/bin;C:\\dev\\ros2_jazzy\\opt/orocos_kdl_vendor/lib;C:\\dev\\ros2_jazzy\\opt/mimick_vendor/lib;C:\\dev\\ros2_jazzy\\opt/libyaml_vendor/lib;C:\\dev\\ros2_jazzy\\opt/libyaml_vendor/bin;C:\\dev\\ros2_jazzy\\opt/liblz4_vendor/lib;C:\\dev\\ros2_jazzy\\opt/liblz4_vendor/bin;C:\\dev\\ros2_jazzy\\opt/libcurl_vendor/lib;C:\\dev\\ros2_jazzy\\opt/libcurl_vendor/bin;C:\\dev\\ros2_jazzy\\opt/gz_math_vendor/lib;C:\\dev\\ros2_jazzy\\opt/gz_math_vendor/bin;C:\\dev\\ros2_jazzy\\opt/gz_utils_vendor/lib;C:\\dev\\ros2_jazzy\\opt/gz_utils_vendor/bin;C:\\dev\\ros2_jazzy\\opt/gz_cmake_vendor/lib;C:\\dev\\ros2_jazzy\\opt/gz_cmake_vendor/bin;C:\\dev\\ros2_jazzy\\opt/console_bridge_vendor/lib;C:\\dev\\ros2_jazzy\\opt/console_bridge_vendor/bin;C:\\dev\\ros2_jazzy\\Scripts;C:\\dev\\ros2_jazzy\\bin;C:\\Python38\\Scripts\\;C:\\Python38\\;C:\\Program Files\\Common Files\\Oracle\\Java\\javapath;C:\\Program Files\\Microsoft\\jdk-17.0.12.7-hotspot\\bin;C:\\Python312\\Scripts\\;C:\\Python312\\;C:\\Windows\\system32;C:\\Windows;C:\\Windows\\System32\\Wbem;C:\\Windows\\System32\\WindowsPowerShell\\v1.0\\;C:\\Windows\\System32\\OpenSSH\\;C:\\Program Files (x86)\\NVIDIA Corporation\\PhysX\\Common;C:\\Program Files\\NVIDIA Corporation\\NVIDIA NvDLISR;C:\\Program Files\\Git\\cmd;C:\\Program Files\\nodejs\\;C:\\ProgramData\\chocolatey\\bin;C:\\Program Files\\GitHub CLI\\;C:\\Program Files\\MATLAB\\R2024b\\bin;;C:\\ProgramData\\chocolatey\\lib\\cunit\\lib;C:\\ProgramData\\chocolatey\\lib\\tinyxml2\\lib;C:\\ProgramData\\chocolatey\\lib\\bullet\\lib;C:\\Python38\\python.exe;C:\\Users\\nabet\\anaconda3;C:\\Users\\nabet\\anaconda3\\Library\\mingw-w64\\bin;C:\\Users\\nabet\\anaconda3\\Library\\usr\\bin;C:\\Users\\nabet\\anaconda3\\Library\\bin;C:\\Users\\nabet\\anaconda3\\Scripts;C:\\Users\\nabet\\AppData\\Local\\Microsoft\\WindowsApps;C:\\Users\\nabet\\AppData\\Local\\Programs\\Microsoft VS Code\\bin;C:\\Users\\nabet\\AppData\\Local\\spicetify;C:\\Users\\nabet\\AppData\\Roaming\\npm;C:\\mingw64\\bin;C:\\Users\\nabet\\Documents\\ffmpeg-7.0.2-full_build\\bin;C:\\Program Files\\OpenSSL-Win64\\bin;C:\\opencv\\x64\\vc16\\bin;C:\\Program Files\\CMake\\bin;C:\\xmllint\\bin;C:\\Program Files\\Graphviz\\bin;C:\\opt\\opencv\\build\\x64\\vc16\\bin;C:\\opt\\opencv\\build\\x64\\vc16\\lib;', 'USERDOMAIN': 'ZEPH-AREPO', 'ComSpec': 'C:\\Windows\\system32\\cmd.exe', 'VCToolsVersion': '14.29.30133', 'INCLUDE': 'C:\\Program Files (x86)\\Microsoft Visual Studio\\2019\\Community\\VC\\Tools\\MSVC\\14.29.30133\\ATLMFC\\include;C:\\Program Files (x86)\\Microsoft Visual Studio\\2019\\Community\\VC\\Tools\\MSVC\\14.29.30133\\include;C:\\Program Files (x86)\\Windows Kits\\10\\include\\10.0.19041.0\\ucrt;C:\\Program Files (x86)\\Windows Kits\\10\\include\\10.0.19041.0\\shared;C:\\Program Files (x86)\\Windows Kits\\10\\include\\10.0.19041.0\\um;C:\\Program Files (x86)\\Windows Kits\\10\\include\\10.0.19041.0\\winrt;C:\\Program Files (x86)\\Windows Kits\\10\\include\\10.0.19041.0\\cppwinrt', 'NDI_RUNTIME_DIR_V5': 'C:\\Program Files\\NDI\\NDI 6 Runtime\\v6', 'NUMBER_OF_PROCESSORS': '16', 'VCINSTALLDIR': 'C:\\Program Files (x86)\\Microsoft Visual Studio\\2019\\Community\\VC\\', 'NDI_RUNTIME_DIR_V2': 'C:\\Program Files\\NDI\\NDI 6 Runtime\\v6', 'VisualStudioVersion': '16.0', 'ProgramFiles(x86)': 'C:\\Program Files (x86)', 'OpenCV_DIR': 'C:\\opt\\opencv\\build', 'ROS_AUTOMATIC_DISCOVERY_RANGE': 'SUBNET', 'ChocolateyInstall': 'C:\\ProgramData\\chocolatey', 'ProgramW6432': 'C:\\Program Files', 'PROCESSOR_LEVEL': '6', 'VSCMD_VER': '16.11.40', 'PKG_CONFIG_PATH': 'C:\\dev\\ros2_jazzy\\lib\\pkgconfig;', 'DriverData': 'C:\\Windows\\System32\\Drivers\\DriverData', 'WT_SESSION': '58bbc789-9c9b-4e9d-9736-dc2d6000e3a7', 'OPENSSL_CONF': 'C:\\Program Files\\OpenSSL-Win64\\bin\\openssl.cfg', 'PROMPT': '$P$G', '__VSCMD_script_err_count': '0', 'COMPUTERNAME': 'ZEPH-AREPO', 'FrameworkDir': 'C:\\Windows\\Microsoft.NET\\Framework64\\', 'VCToolsRedistDir': 'C:\\Program Files (x86)\\Microsoft Visual Studio\\2019\\Community\\VC\\Redist\\MSVC\\14.29.30133\\', 'CommonProgramFiles(x86)': 'C:\\Program Files (x86)\\Common Files', 'WindowsSdkBinPath': 'C:\\Program Files (x86)\\Windows Kits\\10\\bin\\', 'WindowsSdkDir': 'C:\\Program Files (x86)\\Windows Kits\\10\\', 'VCToolsInstallDir': 'C:\\Program Files (x86)\\Microsoft Visual Studio\\2019\\Community\\VC\\Tools\\MSVC\\14.29.30133\\', 'VS160COMNTOOLS': 'C:\\Program Files (x86)\\Microsoft Visual Studio\\2019\\Community\\Common7\\Tools\\', 'WT_PROFILE_ID': '{3d1beac4-db37-5a28-bab4-993c9803c6aa}', 'SESSIONNAME': 'Console', 'CMAKE_PREFIX_PATH': 'C:\\Users\\nabet\\Desktop\\GUI\\ROTAS-ROS2\\install;C:\\dev\\ros2_jazzy\\opt/yaml_cpp_vendor;C:\\dev\\ros2_jazzy\\opt/pybind11_vendor;C:\\dev\\ros2_jazzy\\opt/orocos_kdl_vendor;C:\\dev\\ros2_jazzy\\opt/gz_math_vendor;C:\\dev\\ros2_jazzy\\opt/gz_utils_vendor;C:\\dev\\ros2_jazzy\\opt/gz_cmake_vendor;C:\\dev\\ros2_jazzy\\opt/console_bridge_vendor;C:\\dev\\ros2_jazzy;', 'ROS_PYTHON_VERSION': '3', 'HOMEDRIVE': 'C:', 'PUBLIC': 'C:\\Users\\Public', 'FrameworkDir64': 'C:\\Windows\\Microsoft.NET\\Framework64\\', 'LIB': 'C:\\Program Files (x86)\\Microsoft Visual Studio\\2019\\Community\\VC\\Tools\\MSVC\\14.29.30133\\ATLMFC\\lib\\x64;C:\\Program Files (x86)\\Microsoft Visual Studio\\2019\\Community\\VC\\Tools\\MSVC\\14.29.30133\\lib\\x64;C:\\Program Files (x86)\\Windows Kits\\10\\lib\\10.0.19041.0\\ucrt\\x64;C:\\Program Files (x86)\\Windows Kits\\10\\lib\\10.0.19041.0\\um\\x64', 'WindowsLibPath': 'C:\\Program Files (x86)\\Windows Kits\\10\\UnionMetadata\\10.0.19041.0;C:\\Program Files (x86)\\Windows Kits\\10\\References\\10.0.19041.0', 'WindowsSdkVerBinPath': 'C:\\Program Files (x86)\\Windows Kits\\10\\bin\\10.0.19041.0\\', 'Qt5_DIR': 'C:\\Qt\\5.15.0\\msvc2019_64', 'VSCMD_ARG_HOST_ARCH': 'x64', 'windir': 'C:\\Windows', 'NDI_RUNTIME_DIR_V4': 'C:\\Program Files\\NDI\\NDI 6 Runtime\\v6', 'COLCON': '1', 'ROS_VERSION': '2', 'VSCMD_ARG_TGT_ARCH': 'x64', 'PROCESSOR_IDENTIFIER': 'Intel64 Family 6 Model 186 Stepping 2, GenuineIntel', 'APPDATA': 'C:\\Users\\nabet\\AppData\\Roaming', 'HOMEPATH': '\\Users\\nabet', 'Path': 'C:\\Program Files (x86)\\Microsoft Visual Studio\\2019\\Community\\VC\\Tools\\MSVC\\14.29.30133\\bin\\HostX64\\x64;C:\\Program Files (x86)\\Microsoft Visual Studio\\2019\\Community\\Common7\\IDE\\VC\\VCPackages;C:\\Program Files (x86)\\Microsoft Visual Studio\\2019\\Community\\Common7\\IDE\\CommonExtensions\\Microsoft\\TestWindow;C:\\Program Files (x86)\\Microsoft Visual Studio\\2019\\Community\\Common7\\IDE\\CommonExtensions\\Microsoft\\TeamFoundation\\Team Explorer;C:\\Program Files (x86)\\Microsoft Visual Studio\\2019\\Community\\MSBuild\\Current\\bin\\Roslyn;C:\\Program Files (x86)\\Microsoft Visual Studio\\2019\\Community\\Team Tools\\Performance Tools\\x64;C:\\Program Files (x86)\\Microsoft Visual Studio\\2019\\Community\\Team Tools\\Performance Tools;C:\\Program Files (x86)\\Microsoft Visual Studio\\Shared\\Common\\VSPerfCollectionTools\\vs2019\\\\x64;C:\\Program Files (x86)\\Microsoft Visual Studio\\Shared\\Common\\VSPerfCollectionTools\\vs2019\\;C:\\Program Files (x86)\\Microsoft Visual Studio\\2019\\Community\\Common7\\Tools\\devinit;C:\\Program Files (x86)\\Windows Kits\\10\\bin\\10.0.19041.0\\x64;C:\\Program Files (x86)\\Windows Kits\\10\\bin\\x64;C:\\Program Files (x86)\\Microsoft Visual Studio\\2019\\Community\\\\MSBuild\\Current\\Bin;C:\\Windows\\Microsoft.NET\\Framework64\\v4.0.30319;C:\\Program Files (x86)\\Microsoft Visual Studio\\2019\\Community\\Common7\\IDE\\;C:\\Program Files (x86)\\Microsoft Visual Studio\\2019\\Community\\Common7\\Tools\\;C:\\dev\\ros2_jazzy\\opt/zstd_vendor/lib;C:\\dev\\ros2_jazzy\\opt/zstd_vendor/bin;C:\\dev\\ros2_jazzy\\opt/yaml_cpp_vendor/lib;C:\\dev\\ros2_jazzy\\opt/yaml_cpp_vendor/bin;C:\\dev\\ros2_jazzy\\opt/uncrustify_vendor/bin;C:\\dev\\ros2_jazzy\\opt/sqlite3_vendor/lib;C:\\dev\\ros2_jazzy\\opt/sqlite3_vendor/bin;C:\\dev\\ros2_jazzy\\opt/spdlog_vendor/lib;C:\\dev\\ros2_jazzy\\opt/spdlog_vendor/bin;C:\\dev\\ros2_jazzy\\opt/rviz_ogre_vendor/lib;C:\\dev\\ros2_jazzy\\opt/rviz_ogre_vendor/bin;C:\\dev\\ros2_jazzy\\opt/rviz_assimp_vendor/lib;C:\\dev\\ros2_jazzy\\opt/rviz_assimp_vendor/bin;C:\\dev\\ros2_jazzy\\opt/orocos_kdl_vendor/lib;C:\\dev\\ros2_jazzy\\opt/mimick_vendor/lib;C:\\dev\\ros2_jazzy\\opt/libyaml_vendor/lib;C:\\dev\\ros2_jazzy\\opt/libyaml_vendor/bin;C:\\dev\\ros2_jazzy\\opt/liblz4_vendor/lib;C:\\dev\\ros2_jazzy\\opt/liblz4_vendor/bin;C:\\dev\\ros2_jazzy\\opt/libcurl_vendor/lib;C:\\dev\\ros2_jazzy\\opt/libcurl_vendor/bin;C:\\dev\\ros2_jazzy\\opt/gz_math_vendor/lib;C:\\dev\\ros2_jazzy\\opt/gz_math_vendor/bin;C:\\dev\\ros2_jazzy\\opt/gz_utils_vendor/lib;C:\\dev\\ros2_jazzy\\opt/gz_utils_vendor/bin;C:\\dev\\ros2_jazzy\\opt/gz_cmake_vendor/lib;C:\\dev\\ros2_jazzy\\opt/gz_cmake_vendor/bin;C:\\dev\\ros2_jazzy\\opt/console_bridge_vendor/lib;C:\\dev\\ros2_jazzy\\opt/console_bridge_vendor/bin;C:\\dev\\ros2_jazzy\\Scripts;C:\\dev\\ros2_jazzy\\bin;C:\\Python38\\Scripts\\;C:\\Python38\\;C:\\Program Files\\Common Files\\Oracle\\Java\\javapath;C:\\Program Files\\Microsoft\\jdk-17.0.12.7-hotspot\\bin;C:\\Python312\\Scripts\\;C:\\Python312\\;C:\\Windows\\system32;C:\\Windows;C:\\Windows\\System32\\Wbem;C:\\Windows\\System32\\WindowsPowerShell\\v1.0\\;C:\\Windows\\System32\\OpenSSH\\;C:\\Program Files (x86)\\NVIDIA Corporation\\PhysX\\Common;C:\\Program Files\\NVIDIA Corporation\\NVIDIA NvDLISR;C:\\Program Files\\Git\\cmd;C:\\Program Files\\nodejs\\;C:\\ProgramData\\chocolatey\\bin;C:\\Program Files\\GitHub CLI\\;C:\\Program Files\\MATLAB\\R2024b\\bin;;C:\\ProgramData\\chocolatey\\lib\\cunit\\lib;C:\\ProgramData\\chocolatey\\lib\\tinyxml2\\lib;C:\\ProgramData\\chocolatey\\lib\\bullet\\lib;C:\\Python38\\python.exe;C:\\Users\\nabet\\anaconda3;C:\\Users\\nabet\\anaconda3\\Library\\mingw-w64\\bin;C:\\Users\\nabet\\anaconda3\\Library\\usr\\bin;C:\\Users\\nabet\\anaconda3\\Library\\bin;C:\\Users\\nabet\\anaconda3\\Scripts;C:\\Users\\nabet\\AppData\\Local\\Microsoft\\WindowsApps;C:\\Users\\nabet\\AppData\\Local\\Programs\\Microsoft VS Code\\bin;C:\\Users\\nabet\\AppData\\Local\\spicetify;C:\\Users\\nabet\\AppData\\Roaming\\npm;C:\\mingw64\\bin;C:\\Users\\nabet\\Documents\\ffmpeg-7.0.2-full_build\\bin;C:\\Program Files\\OpenSSL-Win64\\bin;C:\\opencv\\x64\\vc16\\bin;C:\\Program Files\\CMake\\bin;C:\\xmllint\\bin;C:\\Program Files\\Graphviz\\bin;C:\\opt\\opencv\\build\\x64\\vc16\\bin;C:\\opt\\opencv\\build\\x64\\vc16\\lib', 'NDI_RUNTIME_DIR_V3': 'C:\\Program Files\\NDI\\NDI 6 Runtime\\v6', 'SystemDrive': 'C:', 'LOGONSERVER': '\\\\ZEPH-AREPO', 'PATHEXT': '.COM;.EXE;.BAT;.CMD;.VBS;.VBE;.JS;.JSE;.WSF;.WSH;.MSC;.PY;.PYW;.CPL', 'CommandPromptType': 'Native', 'LOCALAPPDATA': 'C:\\Users\\nabet\\AppData\\Local', 'FrameworkVersion': 'v4.0.30319', 'ZES_ENABLE_SYSMAN': '1', 'PYTHONPATH': 'C:\\ci\\ws\\install\\lib\\python3.8\\dist-packages;C:\\dev\\ros2_jazzy\\Lib\\site-packages;', 'COLCON_CURRENT_PREFIX': 'C:\\Users\\nabet\\Desktop\\GUI\\ROTAS-ROS2\\install', 'WSLENV': 'WT_SESSION:WT_PROFILE_ID:', 'JAVA_HOME': 'C:\\Program Files\\Microsoft\\jdk-17.0.12.7-hotspot\\', 'UCRTVersion': '10.0.19041.0', 'FrameworkVersion64': 'v4.0.30319', 'OneDrive': 'C:\\Users\\nabet\\OneDrive', 'USERNAME': 'nabet', 'VSINSTALLDIR': 'C:\\Program Files (x86)\\Microsoft Visual Studio\\2019\\Community\\', 'UniversalCRTSdkDir': 'C:\\Program Files (x86)\\Windows Kits\\10\\', 'ProgramFiles': 'C:\\Program Files', 'ChocolateyLastPathUpdate': '133713311956299981', 'NDI_RUNTIME_DIR_V6': 'C:\\Program Files\\NDI\\NDI 6 Runtime\\v6', 'PROCESSOR_REVISION': 'ba02', 'VSCMD_ARG_app_plat': 'Desktop', 'FPS_BROWSER_APP_PROFILE_STRING': 'Internet Explorer', 'ROS_DISTRO': 'jazzy', 'USERPROFILE': 'C:\\Users\\nabet', 'CommonProgramW6432': 'C:\\Program Files\\Common Files', 'TEMP': 'C:\\Users\\nabet\\AppData\\Local\\Temp', 'ALLUSERSPROFILE': 'C:\\ProgramData', 'DevEnvDir': 'C:\\Program Files (x86)\\Microsoft Visual Studio\\2019\\Community\\Common7\\IDE\\', '__DOTNET_ADD_64BIT': '1', 'CommonProgramFiles': 'C:\\Program Files\\Common Files', 'PROCESSOR_ARCHITECTURE': 'AMD64', '__DOTNET_PREFERRED_BITNESS': '64', 'USERDOMAIN_ROAMINGPROFILE': 'ZEPH-AREPO', 'WindowsSDKLibVersion': '10.0.19041.0\\', 'SystemRoot': 'C:\\Windows', 'LIBPATH': 'C:\\Program Files (x86)\\Microsoft Visual Studio\\2019\\Community\\VC\\Tools\\MSVC\\14.29.30133\\ATLMFC\\lib\\x64;C:\\Program Files (x86)\\Microsoft Visual Studio\\2019\\Community\\VC\\Tools\\MSVC\\14.29.30133\\lib\\x64;C:\\Program Files (x86)\\Microsoft Visual Studio\\2019\\Community\\VC\\Tools\\MSVC\\14.29.30133\\lib\\x86\\store\\references;C:\\Program Files (x86)\\Windows Kits\\10\\UnionMetadata\\10.0.19041.0;C:\\Program Files (x86)\\Windows Kits\\10\\References\\10.0.19041.0;C:\\Windows\\Microsoft.NET\\Framework64\\v4.0.30319', 'QT_QPA_PLATFORM_PLUGIN_PATH': 'C:\\Qt\\5.15.0\\msvc2019_64\\plugins\\platforms', 'RlsSvcPort': '22112', 'CL': '/MP'}, 'shell': False}
[0.454000] (-) TimerEvent: {}
[0.563000] (-) TimerEvent: {}
[0.563000] (ROTAS_pkg) StdoutLine: {'line': b'Microsoft (R) Build Engine version 16.11.2+f32259642 for .NET Framework\r\n'}
[0.563000] (ROTAS_pkg) StdoutLine: {'line': b'Copyright (C) Microsoft Corporation. All rights reserved.\r\n'}
[0.563000] (ROTAS_pkg) StdoutLine: {'line': b'\r\n'}
[0.688000] (-) TimerEvent: {}
[0.797000] (-) TimerEvent: {}
[0.907000] (-) TimerEvent: {}
[1.016000] (-) TimerEvent: {}
[1.125000] (-) TimerEvent: {}
[1.235000] (-) TimerEvent: {}
[1.235000] (ROTAS_pkg) StdoutLine: {'line': b'  1>Checking Build System\r\n'}
[1.360000] (-) TimerEvent: {}
[1.469000] (-) TimerEvent: {}
[1.516000] (ROTAS_pkg) StdoutLine: {'line': b'  Building Custom Rule C:/Users/nabet/Desktop/GUI/ROTAS-ROS2/src/ROTAS_pkg/CMakeLists.txt\r\n'}
[1.579000] (-) TimerEvent: {}
[1.688000] (-) TimerEvent: {}
[1.750000] (ROTAS_pkg) StdoutLine: {'line': b'  ros2_relay.cpp\r\n'}
[1.797000] (-) TimerEvent: {}
[1.907000] (-) TimerEvent: {}
[2.016000] (-) TimerEvent: {}
[2.125000] (-) TimerEvent: {}
[2.235000] (-) TimerEvent: {}
[2.344000] (-) TimerEvent: {}
[2.454000] (-) TimerEvent: {}
[2.563000] (-) TimerEvent: {}
[2.688000] (-) TimerEvent: {}
[2.797000] (-) TimerEvent: {}
[2.907000] (-) TimerEvent: {}
[3.016000] (-) TimerEvent: {}
[3.125000] (-) TimerEvent: {}
[3.235000] (-) TimerEvent: {}
[3.344000] (-) TimerEvent: {}
[3.454000] (-) TimerEvent: {}
[3.579000] (-) TimerEvent: {}
[3.688000] (-) TimerEvent: {}
[3.813000] (-) TimerEvent: {}
[3.922000] (-) TimerEvent: {}
[4.032000] (-) TimerEvent: {}
[4.141000] (-) TimerEvent: {}
[4.250000] (-) TimerEvent: {}
[4.360000] (-) TimerEvent: {}
[4.469000] (-) TimerEvent: {}
[4.579000] (-) TimerEvent: {}
[4.688000] (-) TimerEvent: {}
[4.797000] (-) TimerEvent: {}
[4.907000] (-) TimerEvent: {}
[5.016000] (-) TimerEvent: {}
[5.125000] (-) TimerEvent: {}
[5.235000] (-) TimerEvent: {}
[5.344000] (-) TimerEvent: {}
[5.454000] (-) TimerEvent: {}
[5.516000] (ROTAS_pkg) StdoutLine: {'line': b"C:\\Users\\nabet\\Desktop\\GUI\\ROTAS-ROS2\\src\\ROTAS_pkg\\src\\ros2_relay.cpp(59,12): error C2065: 'VideoCapture': undeclared identifier [C:\\Users\\nabet\\Desktop\\GUI\\ROTAS-ROS2\\build\\ROTAS_pkg\\relay.vcxproj]\r\n"}
[5.532000] (ROTAS_pkg) StdoutLine: {'line': b"C:\\Users\\nabet\\Desktop\\GUI\\ROTAS-ROS2\\src\\ROTAS_pkg\\src\\ros2_relay.cpp(59,5): error C2923: 'std::vector': 'VideoCapture' is not a valid template type argument for parameter '_Ty' [C:\\Users\\nabet\\Desktop\\GUI\\ROTAS-ROS2\\build\\ROTAS_pkg\\relay.vcxproj]\r\n"}
[5.532000] (ROTAS_pkg) StdoutLine: {'line': b"C:\\Users\\nabet\\Desktop\\GUI\\ROTAS-ROS2\\src\\ROTAS_pkg\\src\\ros2_relay.cpp(59): message : see declaration of 'VideoCapture' [C:\\Users\\nabet\\Desktop\\GUI\\ROTAS-ROS2\\build\\ROTAS_pkg\\relay.vcxproj]\r\n"}
[5.532000] (ROTAS_pkg) StdoutLine: {'line': b"C:\\Users\\nabet\\Desktop\\GUI\\ROTAS-ROS2\\src\\ROTAS_pkg\\src\\ros2_relay.cpp(59,5): error C2976: 'std::vector': too few template arguments [C:\\Users\\nabet\\Desktop\\GUI\\ROTAS-ROS2\\build\\ROTAS_pkg\\relay.vcxproj]\r\n"}
[5.532000] (ROTAS_pkg) StdoutLine: {'line': b"C:\\Program Files (x86)\\Microsoft Visual Studio\\2019\\Community\\VC\\Tools\\MSVC\\14.29.30133\\include\\vector(430): message : see declaration of 'std::vector' [C:\\Users\\nabet\\Desktop\\GUI\\ROTAS-ROS2\\build\\ROTAS_pkg\\relay.vcxproj]\r\n"}
[5.532000] (ROTAS_pkg) StdoutLine: {'line': b"C:\\Users\\nabet\\Desktop\\GUI\\ROTAS-ROS2\\src\\ROTAS_pkg\\src\\ros2_relay.cpp(59,33): error C2641: cannot deduce template arguments for 'std::vector' [C:\\Users\\nabet\\Desktop\\GUI\\ROTAS-ROS2\\build\\ROTAS_pkg\\relay.vcxproj]\r\n"}
[5.532000] (ROTAS_pkg) StdoutLine: {'line': b"C:\\Users\\nabet\\Desktop\\GUI\\ROTAS-ROS2\\src\\ROTAS_pkg\\src\\ros2_relay.cpp(59,33): error C2783: 'std::vector<_Ty,_Alloc> std::vector(const _Alloc &) noexcept': could not deduce template argument for '_Ty' [C:\\Users\\nabet\\Desktop\\GUI\\ROTAS-ROS2\\build\\ROTAS_pkg\\relay.vcxproj]\r\n"}
[5.532000] (ROTAS_pkg) StdoutLine: {'line': b"C:\\Program Files (x86)\\Microsoft Visual Studio\\2019\\Community\\VC\\Tools\\MSVC\\14.29.30133\\include\\vector(467): message : see declaration of 'std::vector' [C:\\Users\\nabet\\Desktop\\GUI\\ROTAS-ROS2\\build\\ROTAS_pkg\\relay.vcxproj]\r\n"}
[5.532000] (ROTAS_pkg) StdoutLine: {'line': b"C:\\Users\\nabet\\Desktop\\GUI\\ROTAS-ROS2\\src\\ROTAS_pkg\\src\\ros2_relay.cpp(59,45): error C2780: 'std::vector<_Ty,_Alloc> std::vector(void) noexcept(<expr>)': expects 0 arguments - 1 provided [C:\\Users\\nabet\\Desktop\\GUI\\ROTAS-ROS2\\build\\ROTAS_pkg\\relay.vcxproj]\r\n"}
[5.532000] (ROTAS_pkg) StdoutLine: {'line': b"C:\\Program Files (x86)\\Microsoft Visual Studio\\2019\\Community\\VC\\Tools\\MSVC\\14.29.30133\\include\\vector(462): message : see declaration of 'std::vector' [C:\\Users\\nabet\\Desktop\\GUI\\ROTAS-ROS2\\build\\ROTAS_pkg\\relay.vcxproj]\r\n"}
[5.532000] (ROTAS_pkg) StdoutLine: {'line': b"C:\\Users\\nabet\\Desktop\\GUI\\ROTAS-ROS2\\src\\ROTAS_pkg\\src\\ros2_relay.cpp(59,45): error C2784: 'std::vector<_Ty,_Alloc> std::vector(std::vector<_Ty,_Alloc>)': could not deduce template argument for 'std::vector<_Ty,_Alloc>' from 'unsigned __int64' [C:\\Users\\nabet\\Desktop\\GUI\\ROTAS-ROS2\\build\\ROTAS_pkg\\relay.vcxproj]\r\n"}
[5.532000] (ROTAS_pkg) StdoutLine: {'line': b"C:\\Program Files (x86)\\Microsoft Visual Studio\\2019\\Community\\VC\\Tools\\MSVC\\14.29.30133\\include\\vector(430): message : see declaration of 'std::vector' [C:\\Users\\nabet\\Desktop\\GUI\\ROTAS-ROS2\\build\\ROTAS_pkg\\relay.vcxproj]\r\n"}
[5.532000] (ROTAS_pkg) StdoutLine: {'line': b"C:\\Users\\nabet\\Desktop\\GUI\\ROTAS-ROS2\\src\\ROTAS_pkg\\src\\ros2_relay.cpp(59,45): error C2784: 'std::vector<_Ty,_Alloc> std::vector(std::vector<_Ty,_Alloc>)': could not deduce template argument for 'std::vector<_Ty,_Alloc>' from 'unsigned __int64' [C:\\Users\\nabet\\Desktop\\GUI\\ROTAS-ROS2\\build\\ROTAS_pkg\\relay.vcxproj]\r\n"}
[5.532000] (ROTAS_pkg) StdoutLine: {'line': b"C:\\Program Files (x86)\\Microsoft Visual Studio\\2019\\Community\\VC\\Tools\\MSVC\\14.29.30133\\include\\vector(430): message : see declaration of 'std::vector' [C:\\Users\\nabet\\Desktop\\GUI\\ROTAS-ROS2\\build\\ROTAS_pkg\\relay.vcxproj]\r\n"}
[5.532000] (ROTAS_pkg) StdoutLine: {'line': b"C:\\Users\\nabet\\Desktop\\GUI\\ROTAS-ROS2\\src\\ROTAS_pkg\\src\\ros2_relay.cpp(73,18): error C2678: binary '[': no operator found which takes a left-hand operand of type 'std::vector' (or there is no acceptable conversion) [C:\\Users\\nabet\\Desktop\\GUI\\ROTAS-ROS2\\build\\ROTAS_pkg\\relay.vcxproj]\r\n"}
[5.532000] (ROTAS_pkg) StdoutLine: {'line': b"C:\\Program Files (x86)\\Microsoft Visual Studio\\2019\\Community\\VC\\Tools\\MSVC\\14.29.30133\\include\\vector(1559,50): message : could be 'const _Ty &std::vector<_Ty,_Alloc>::operator [](const allocator_traits<allocator_traits<_Alloc>::rebind_alloc<_Ty>>::size_type) noexcept const' [C:\\Users\\nabet\\Desktop\\GUI\\ROTAS-ROS2\\build\\ROTAS_pkg\\relay.vcxproj]\r\n"}
[5.532000] (ROTAS_pkg) StdoutLine: {'line': b"C:\\Program Files (x86)\\Microsoft Visual Studio\\2019\\Community\\VC\\Tools\\MSVC\\14.29.30133\\include\\vector(1549,44): message : or       '_Ty &std::vector<_Ty,_Alloc>::operator [](const allocator_traits<allocator_traits<_Alloc>::rebind_alloc<_Ty>>::size_type) noexcept' [C:\\Users\\nabet\\Desktop\\GUI\\ROTAS-ROS2\\build\\ROTAS_pkg\\relay.vcxproj]\r\n"}
[5.532000] (ROTAS_pkg) StdoutLine: {'line': b"C:\\Users\\nabet\\Desktop\\GUI\\ROTAS-ROS2\\src\\ROTAS_pkg\\src\\ros2_relay.cpp(73,18): message : while trying to match the argument list '(std::vector, int)' [C:\\Users\\nabet\\Desktop\\GUI\\ROTAS-ROS2\\build\\ROTAS_pkg\\relay.vcxproj]\r\n"}
[5.532000] (ROTAS_pkg) StdoutLine: {'line': b"C:\\Users\\nabet\\Desktop\\GUI\\ROTAS-ROS2\\src\\ROTAS_pkg\\src\\ros2_relay.cpp(74,12): error C2678: binary '[': no operator found which takes a left-hand operand of type 'std::vector' (or there is no acceptable conversion) [C:\\Users\\nabet\\Desktop\\GUI\\ROTAS-ROS2\\build\\ROTAS_pkg\\relay.vcxproj]\r\n"}
[5.547000] (ROTAS_pkg) StdoutLine: {'line': b"C:\\Program Files (x86)\\Microsoft Visual Studio\\2019\\Community\\VC\\Tools\\MSVC\\14.29.30133\\include\\vector(1559,50): message : could be 'const _Ty &std::vector<_Ty,_Alloc>::operator [](const allocator_traits<allocator_traits<_Alloc>::rebind_alloc<_Ty>>::size_type) noexcept const' [C:\\Users\\nabet\\Desktop\\GUI\\ROTAS-ROS2\\build\\ROTAS_pkg\\relay.vcxproj]\r\n"}
[5.547000] (ROTAS_pkg) StdoutLine: {'line': b"C:\\Program Files (x86)\\Microsoft Visual Studio\\2019\\Community\\VC\\Tools\\MSVC\\14.29.30133\\include\\vector(1549,44): message : or       '_Ty &std::vector<_Ty,_Alloc>::operator [](const allocator_traits<allocator_traits<_Alloc>::rebind_alloc<_Ty>>::size_type) noexcept' [C:\\Users\\nabet\\Desktop\\GUI\\ROTAS-ROS2\\build\\ROTAS_pkg\\relay.vcxproj]\r\n"}
[5.547000] (ROTAS_pkg) StdoutLine: {'line': b"C:\\Users\\nabet\\Desktop\\GUI\\ROTAS-ROS2\\src\\ROTAS_pkg\\src\\ros2_relay.cpp(74,12): message : while trying to match the argument list '(std::vector, int)' [C:\\Users\\nabet\\Desktop\\GUI\\ROTAS-ROS2\\build\\ROTAS_pkg\\relay.vcxproj]\r\n"}
[5.547000] (ROTAS_pkg) StdoutLine: {'line': b"C:\\Users\\nabet\\Desktop\\GUI\\ROTAS-ROS2\\src\\ROTAS_pkg\\src\\ros2_relay.cpp(79,18): error C2678: binary '[': no operator found which takes a left-hand operand of type 'std::vector' (or there is no acceptable conversion) [C:\\Users\\nabet\\Desktop\\GUI\\ROTAS-ROS2\\build\\ROTAS_pkg\\relay.vcxproj]\r\n"}
[5.547000] (ROTAS_pkg) StdoutLine: {'line': b"C:\\Program Files (x86)\\Microsoft Visual Studio\\2019\\Community\\VC\\Tools\\MSVC\\14.29.30133\\include\\vector(1559,50): message : could be 'const _Ty &std::vector<_Ty,_Alloc>::operator [](const allocator_traits<allocator_traits<_Alloc>::rebind_alloc<_Ty>>::size_type) noexcept const' [C:\\Users\\nabet\\Desktop\\GUI\\ROTAS-ROS2\\build\\ROTAS_pkg\\relay.vcxproj]\r\n"}
[5.547000] (ROTAS_pkg) StdoutLine: {'line': b"C:\\Program Files (x86)\\Microsoft Visual Studio\\2019\\Community\\VC\\Tools\\MSVC\\14.29.30133\\include\\vector(1549,44): message : or       '_Ty &std::vector<_Ty,_Alloc>::operator [](const allocator_traits<allocator_traits<_Alloc>::rebind_alloc<_Ty>>::size_type) noexcept' [C:\\Users\\nabet\\Desktop\\GUI\\ROTAS-ROS2\\build\\ROTAS_pkg\\relay.vcxproj]\r\n"}
[5.547000] (ROTAS_pkg) StdoutLine: {'line': b"C:\\Users\\nabet\\Desktop\\GUI\\ROTAS-ROS2\\src\\ROTAS_pkg\\src\\ros2_relay.cpp(79,18): message : while trying to match the argument list '(std::vector, int)' [C:\\Users\\nabet\\Desktop\\GUI\\ROTAS-ROS2\\build\\ROTAS_pkg\\relay.vcxproj]\r\n"}
[5.547000] (ROTAS_pkg) StdoutLine: {'line': b"C:\\Users\\nabet\\Desktop\\GUI\\ROTAS-ROS2\\src\\ROTAS_pkg\\src\\ros2_relay.cpp(79,24): error C2065: 'CAP_PROP_FRAME_WIDTH': undeclared identifier [C:\\Users\\nabet\\Desktop\\GUI\\ROTAS-ROS2\\build\\ROTAS_pkg\\relay.vcxproj]\r\n"}
[5.547000] (ROTAS_pkg) StdoutLine: {'line': b"C:\\Users\\nabet\\Desktop\\GUI\\ROTAS-ROS2\\src\\ROTAS_pkg\\src\\ros2_relay.cpp(80,18): error C2678: binary '[': no operator found which takes a left-hand operand of type 'std::vector' (or there is no acceptable conversion) [C:\\Users\\nabet\\Desktop\\GUI\\ROTAS-ROS2\\build\\ROTAS_pkg\\relay.vcxproj]\r\n"}
[5.547000] (ROTAS_pkg) StdoutLine: {'line': b"C:\\Program Files (x86)\\Microsoft Visual Studio\\2019\\Community\\VC\\Tools\\MSVC\\14.29.30133\\include\\vector(1559,50): message : could be 'const _Ty &std::vector<_Ty,_Alloc>::operator [](const allocator_traits<allocator_traits<_Alloc>::rebind_alloc<_Ty>>::size_type) noexcept const' [C:\\Users\\nabet\\Desktop\\GUI\\ROTAS-ROS2\\build\\ROTAS_pkg\\relay.vcxproj]\r\n"}
[5.547000] (ROTAS_pkg) StdoutLine: {'line': b"C:\\Program Files (x86)\\Microsoft Visual Studio\\2019\\Community\\VC\\Tools\\MSVC\\14.29.30133\\include\\vector(1549,44): message : or       '_Ty &std::vector<_Ty,_Alloc>::operator [](const allocator_traits<allocator_traits<_Alloc>::rebind_alloc<_Ty>>::size_type) noexcept' [C:\\Users\\nabet\\Desktop\\GUI\\ROTAS-ROS2\\build\\ROTAS_pkg\\relay.vcxproj]\r\n"}
[5.547000] (ROTAS_pkg) StdoutLine: {'line': b"C:\\Users\\nabet\\Desktop\\GUI\\ROTAS-ROS2\\src\\ROTAS_pkg\\src\\ros2_relay.cpp(80,18): message : while trying to match the argument list '(std::vector, int)' [C:\\Users\\nabet\\Desktop\\GUI\\ROTAS-ROS2\\build\\ROTAS_pkg\\relay.vcxproj]\r\n"}
[5.547000] (ROTAS_pkg) StdoutLine: {'line': b"C:\\Users\\nabet\\Desktop\\GUI\\ROTAS-ROS2\\src\\ROTAS_pkg\\src\\ros2_relay.cpp(80,24): error C2065: 'CAP_PROP_FRAME_HEIGHT': undeclared identifier [C:\\Users\\nabet\\Desktop\\GUI\\ROTAS-ROS2\\build\\ROTAS_pkg\\relay.vcxproj]\r\n"}
[5.547000] (ROTAS_pkg) StdoutLine: {'line': b"C:\\Users\\nabet\\Desktop\\GUI\\ROTAS-ROS2\\src\\ROTAS_pkg\\src\\ros2_relay.cpp(97,26): error C2678: binary '[': no operator found which takes a left-hand operand of type 'std::vector' (or there is no acceptable conversion) [C:\\Users\\nabet\\Desktop\\GUI\\ROTAS-ROS2\\build\\ROTAS_pkg\\relay.vcxproj]\r\n"}
[5.547000] (ROTAS_pkg) StdoutLine: {'line': b"C:\\Program Files (x86)\\Microsoft Visual Studio\\2019\\Community\\VC\\Tools\\MSVC\\14.29.30133\\include\\vector(1559,50): message : could be 'const _Ty &std::vector<_Ty,_Alloc>::operator [](const allocator_traits<allocator_traits<_Alloc>::rebind_alloc<_Ty>>::size_type) noexcept const' [C:\\Users\\nabet\\Desktop\\GUI\\ROTAS-ROS2\\build\\ROTAS_pkg\\relay.vcxproj]\r\n"}
[5.547000] (ROTAS_pkg) StdoutLine: {'line': b"C:\\Program Files (x86)\\Microsoft Visual Studio\\2019\\Community\\VC\\Tools\\MSVC\\14.29.30133\\include\\vector(1549,44): message : or       '_Ty &std::vector<_Ty,_Alloc>::operator [](const allocator_traits<allocator_traits<_Alloc>::rebind_alloc<_Ty>>::size_type) noexcept' [C:\\Users\\nabet\\Desktop\\GUI\\ROTAS-ROS2\\build\\ROTAS_pkg\\relay.vcxproj]\r\n"}
[5.547000] (ROTAS_pkg) StdoutLine: {'line': b"C:\\Users\\nabet\\Desktop\\GUI\\ROTAS-ROS2\\src\\ROTAS_pkg\\src\\ros2_relay.cpp(97,26): message : while trying to match the argument list '(std::vector, int)' [C:\\Users\\nabet\\Desktop\\GUI\\ROTAS-ROS2\\build\\ROTAS_pkg\\relay.vcxproj]\r\n"}
[5.547000] (ROTAS_pkg) StdoutLine: {'line': b"C:\\Users\\nabet\\Desktop\\GUI\\ROTAS-ROS2\\src\\ROTAS_pkg\\src\\ros2_relay.cpp(107,13): error C2065: 'Mat': undeclared identifier [C:\\Users\\nabet\\Desktop\\GUI\\ROTAS-ROS2\\build\\ROTAS_pkg\\relay.vcxproj]\r\n"}
[5.547000] (ROTAS_pkg) StdoutLine: {'line': b"C:\\Users\\nabet\\Desktop\\GUI\\ROTAS-ROS2\\src\\ROTAS_pkg\\src\\ros2_relay.cpp(107,17): error C2146: syntax error: missing ';' before identifier 'frame' [C:\\Users\\nabet\\Desktop\\GUI\\ROTAS-ROS2\\build\\ROTAS_pkg\\relay.vcxproj]\r\n"}
[5.547000] (ROTAS_pkg) StdoutLine: {'line': b"C:\\Users\\nabet\\Desktop\\GUI\\ROTAS-ROS2\\src\\ROTAS_pkg\\src\\ros2_relay.cpp(107,17): error C2065: 'frame': undeclared identifier [C:\\Users\\nabet\\Desktop\\GUI\\ROTAS-ROS2\\build\\ROTAS_pkg\\relay.vcxproj]\r\n"}
[5.547000] (ROTAS_pkg) StdoutLine: {'line': b"C:\\Users\\nabet\\Desktop\\GUI\\ROTAS-ROS2\\src\\ROTAS_pkg\\src\\ros2_relay.cpp(108,22): error C2678: binary '[': no operator found which takes a left-hand operand of type 'std::vector' (or there is no acceptable conversion) [C:\\Users\\nabet\\Desktop\\GUI\\ROTAS-ROS2\\build\\ROTAS_pkg\\relay.vcxproj]\r\n"}
[5.547000] (ROTAS_pkg) StdoutLine: {'line': b"C:\\Program Files (x86)\\Microsoft Visual Studio\\2019\\Community\\VC\\Tools\\MSVC\\14.29.30133\\include\\vector(1559,50): message : could be 'const _Ty &std::vector<_Ty,_Alloc>::operator [](const allocator_traits<allocator_traits<_Alloc>::rebind_alloc<_Ty>>::size_type) noexcept const' [C:\\Users\\nabet\\Desktop\\GUI\\ROTAS-ROS2\\build\\ROTAS_pkg\\relay.vcxproj]\r\n"}
[5.547000] (ROTAS_pkg) StdoutLine: {'line': b"C:\\Program Files (x86)\\Microsoft Visual Studio\\2019\\Community\\VC\\Tools\\MSVC\\14.29.30133\\include\\vector(1549,44): message : or       '_Ty &std::vector<_Ty,_Alloc>::operator [](const allocator_traits<allocator_traits<_Alloc>::rebind_alloc<_Ty>>::size_type) noexcept' [C:\\Users\\nabet\\Desktop\\GUI\\ROTAS-ROS2\\build\\ROTAS_pkg\\relay.vcxproj]\r\n"}
[5.563000] (ROTAS_pkg) StdoutLine: {'line': b"C:\\Users\\nabet\\Desktop\\GUI\\ROTAS-ROS2\\src\\ROTAS_pkg\\src\\ros2_relay.cpp(108,22): message : while trying to match the argument list '(std::vector, int)' [C:\\Users\\nabet\\Desktop\\GUI\\ROTAS-ROS2\\build\\ROTAS_pkg\\relay.vcxproj]\r\n"}
[5.563000] (-) TimerEvent: {}
[5.563000] (ROTAS_pkg) StdoutLine: {'line': b"C:\\Users\\nabet\\Desktop\\GUI\\ROTAS-ROS2\\src\\ROTAS_pkg\\src\\ros2_relay.cpp(108,27): error C2065: 'frame': undeclared identifier [C:\\Users\\nabet\\Desktop\\GUI\\ROTAS-ROS2\\build\\ROTAS_pkg\\relay.vcxproj]\r\n"}
[5.563000] (ROTAS_pkg) StdoutLine: {'line': b"C:\\Users\\nabet\\Desktop\\GUI\\ROTAS-ROS2\\src\\ROTAS_pkg\\src\\ros2_relay.cpp(109,17): error C2065: 'frame': undeclared identifier [C:\\Users\\nabet\\Desktop\\GUI\\ROTAS-ROS2\\build\\ROTAS_pkg\\relay.vcxproj]\r\n"}
[5.563000] (ROTAS_pkg) StdoutLine: {'line': b"C:\\Users\\nabet\\Desktop\\GUI\\ROTAS-ROS2\\src\\ROTAS_pkg\\src\\ros2_relay.cpp(114,30): error C2065: 'frame': undeclared identifier [C:\\Users\\nabet\\Desktop\\GUI\\ROTAS-ROS2\\build\\ROTAS_pkg\\relay.vcxproj]\r\n"}
[5.563000] (ROTAS_pkg) StdoutLine: {'line': b"C:\\Users\\nabet\\Desktop\\GUI\\ROTAS-ROS2\\src\\ROTAS_pkg\\src\\ros2_relay.cpp(114,50): error C2065: 'IMWRITE_JPEG_QUALITY': undeclared identifier [C:\\Users\\nabet\\Desktop\\GUI\\ROTAS-ROS2\\build\\ROTAS_pkg\\relay.vcxproj]\r\n"}
[5.563000] (ROTAS_pkg) StdoutLine: {'line': b"C:\\Users\\nabet\\Desktop\\GUI\\ROTAS-ROS2\\src\\ROTAS_pkg\\src\\ros2_relay.cpp(114,13): error C3861: 'imencode': identifier not found [C:\\Users\\nabet\\Desktop\\GUI\\ROTAS-ROS2\\build\\ROTAS_pkg\\relay.vcxproj]\r\n"}
[5.563000] (ROTAS_pkg) StdoutLine: {'line': b"C:\\Users\\nabet\\Desktop\\GUI\\ROTAS-ROS2\\src\\ROTAS_pkg\\src\\ros2_relay.cpp(126,18): error C2678: binary '[': no operator found which takes a left-hand operand of type 'std::vector' (or there is no acceptable conversion) [C:\\Users\\nabet\\Desktop\\GUI\\ROTAS-ROS2\\build\\ROTAS_pkg\\relay.vcxproj]\r\n"}
[5.563000] (ROTAS_pkg) StdoutLine: {'line': b"C:\\Program Files (x86)\\Microsoft Visual Studio\\2019\\Community\\VC\\Tools\\MSVC\\14.29.30133\\include\\vector(1559,50): message : could be 'const _Ty &std::vector<_Ty,_Alloc>::operator [](const allocator_traits<allocator_traits<_Alloc>::rebind_alloc<_Ty>>::size_type) noexcept const' [C:\\Users\\nabet\\Desktop\\GUI\\ROTAS-ROS2\\build\\ROTAS_pkg\\relay.vcxproj]\r\n"}
[5.563000] (ROTAS_pkg) StdoutLine: {'line': b"C:\\Program Files (x86)\\Microsoft Visual Studio\\2019\\Community\\VC\\Tools\\MSVC\\14.29.30133\\include\\vector(1549,44): message : or       '_Ty &std::vector<_Ty,_Alloc>::operator [](const allocator_traits<allocator_traits<_Alloc>::rebind_alloc<_Ty>>::size_type) noexcept' [C:\\Users\\nabet\\Desktop\\GUI\\ROTAS-ROS2\\build\\ROTAS_pkg\\relay.vcxproj]\r\n"}
[5.563000] (ROTAS_pkg) StdoutLine: {'line': b"C:\\Users\\nabet\\Desktop\\GUI\\ROTAS-ROS2\\src\\ROTAS_pkg\\src\\ros2_relay.cpp(126,18): message : while trying to match the argument list '(std::vector, int)' [C:\\Users\\nabet\\Desktop\\GUI\\ROTAS-ROS2\\build\\ROTAS_pkg\\relay.vcxproj]\r\n"}
[5.563000] (ROTAS_pkg) StdoutLine: {'line': b"C:\\Users\\nabet\\Desktop\\GUI\\ROTAS-ROS2\\src\\ROTAS_pkg\\src\\ros2_relay.cpp(141,49): warning C4838: conversion from 'unsigned __int64' to 'int' requires a narrowing conversion [C:\\Users\\nabet\\Desktop\\GUI\\ROTAS-ROS2\\build\\ROTAS_pkg\\relay.vcxproj]\r\n"}
[5.563000] (ROTAS_pkg) StdoutLine: {'line': b"C:\\Users\\nabet\\Desktop\\GUI\\ROTAS-ROS2\\src\\ROTAS_pkg\\src\\ros2_relay.cpp(141,51): warning C4267: 'initializing': conversion from 'size_t' to 'int', possible loss of data [C:\\Users\\nabet\\Desktop\\GUI\\ROTAS-ROS2\\build\\ROTAS_pkg\\relay.vcxproj]\r\n"}
[5.563000] (ROTAS_pkg) StdoutLine: {'line': b"C:\\Users\\nabet\\Desktop\\GUI\\ROTAS-ROS2\\src\\ROTAS_pkg\\src\\ros2_relay.cpp(168,34): warning C4838: conversion from 'unsigned __int64' to 'int' requires a narrowing conversion [C:\\Users\\nabet\\Desktop\\GUI\\ROTAS-ROS2\\build\\ROTAS_pkg\\relay.vcxproj]\r\n"}
[5.563000] (ROTAS_pkg) StdoutLine: {'line': b"C:\\Users\\nabet\\Desktop\\GUI\\ROTAS-ROS2\\src\\ROTAS_pkg\\src\\ros2_relay.cpp(168,51): warning C4267: 'initializing': conversion from 'size_t' to 'int', possible loss of data [C:\\Users\\nabet\\Desktop\\GUI\\ROTAS-ROS2\\build\\ROTAS_pkg\\relay.vcxproj]\r\n"}
[5.579000] (ROTAS_pkg) StdoutLine: {'line': b"C:\\Users\\nabet\\Desktop\\GUI\\ROTAS-ROS2\\src\\ROTAS_pkg\\src\\ros2_relay.cpp(173,8): warning C4267: 'argument': conversion from 'size_t' to 'int', possible loss of data [C:\\Users\\nabet\\Desktop\\GUI\\ROTAS-ROS2\\build\\ROTAS_pkg\\relay.vcxproj]\r\n"}
[5.672000] (-) TimerEvent: {}
[5.797000] (-) TimerEvent: {}
[5.922000] (-) TimerEvent: {}
[6.032000] (-) TimerEvent: {}
[6.063000] (ROTAS_pkg) StdoutLine: {'line': b'  Building Custom Rule C:/Users/nabet/Desktop/GUI/ROTAS-ROS2/src/ROTAS_pkg/CMakeLists.txt\r\n'}
[6.141000] (-) TimerEvent: {}
[6.204000] (ROTAS_pkg) StdoutLine: {'line': b'  talker.vcxproj -> C:\\Users\\nabet\\Desktop\\GUI\\ROTAS-ROS2\\build\\ROTAS_pkg\\Release\\talker.exe\r\n'}
[6.266000] (-) TimerEvent: {}
[6.266000] (ROTAS_pkg) CommandEnded: {'returncode': 1}
[6.297000] (ROTAS_pkg) JobEnded: {'identifier': 'ROTAS_pkg', 'rc': 1}
[6.329000] (-) EventReactorShutdown: {}
