[0.500s] Invoking command in 'C:\Users\nabet\Desktop\GUI\ROTAS-ROS2\build\ROTAS_pkg': C:\Program Files\CMake\bin\cmake.EXE C:\Users\nabet\Desktop\GUI\ROTAS-ROS2\src\ROTAS_pkg -DCMAKE_INSTALL_PREFIX=C:\Users\nabet\Desktop\GUI\ROTAS-ROS2\install -G Visual Studio 16 2019
[0.594s] -- Selecting Windows SDK version 10.0.19041.0 to target Windows 10.0.22631.
[3.219s] -- The C compiler identification is MSVC 19.29.30154.0
[4.484s] -- The CXX compiler identification is MSVC 19.29.30154.0
[4.844s] -- Detecting C compiler ABI info
[6.047s] -- Detecting C compiler ABI info - done
[6.109s] -- Check for working C compiler: C:/Program Files (x86)/Microsoft Visual Studio/2019/Community/VC/Tools/MSVC/14.29.30133/bin/Hostx64/x64/cl.exe - skipped
[6.125s] -- Detecting C compile features
[6.141s] -- Detecting C compile features - done
[6.203s] -- Detecting CXX compiler ABI info
[7.297s] -- Detecting CXX compiler ABI info - done
[7.422s] -- Check for working CXX compiler: C:/Program Files (x86)/Microsoft Visual Studio/2019/Community/VC/Tools/MSVC/14.29.30133/bin/Hostx64/x64/cl.exe - skipped
[7.422s] -- Detecting CXX compile features
[7.422s] -- Detecting CXX compile features - done
[7.516s] -- Found ament_cmake: 2.5.2 (C:/dev/ros2_jazzy/share/ament_cmake/cmake)
[12.031s] -- Found Python3: C:/Python312/python.exe (found version "3.12.4") found components: Interpreter
[13.406s] -- Found rclcpp: 28.1.3 (C:/dev/ros2_jazzy/share/rclcpp/cmake)
[14.406s] -- Found rosidl_generator_c: 4.6.3 (C:/dev/ros2_jazzy/share/rosidl_generator_c/cmake)
[14.641s] -- Found rosidl_generator_cpp: 4.6.3 (C:/dev/ros2_jazzy/share/rosidl_generator_cpp/cmake)
[15.047s] -- Using all available rosidl_typesupport_c: rosidl_typesupport_fastrtps_c;rosidl_typesupport_introspection_c
[15.375s] -- Using all available rosidl_typesupport_cpp: rosidl_typesupport_fastrtps_cpp;rosidl_typesupport_introspection_cpp
[16.859s] -- Found rmw_implementation_cmake: 7.3.1 (C:/dev/ros2_jazzy/share/rmw_implementation_cmake/cmake)
[16.969s] -- Found rmw_fastrtps_cpp: 8.4.1 (C:/dev/ros2_jazzy/share/rmw_fastrtps_cpp/cmake)
[18.016s] -- Found OpenSSL: optimized;C:/Program Files/OpenSSL-Win64/lib/VC/libcrypto64MD.lib;debug;C:/Program Files/OpenSSL-Win64/lib/VC/libcrypto64MDd.lib (found version "1.1.1u")
[18.219s] -- Found FastRTPS: C:/dev/ros2_jazzy/include (Required is at least version "2.13")
[18.297s] -- Using RMW implementation 'rmw_fastrtps_cpp' as default
[19.656s] -- Found std_msgs: 5.3.5 (C:/dev/ros2_jazzy/share/std_msgs/cmake)
[19.984s] -- OpenCV ARCH: x64
[19.984s] -- OpenCV RUNTIME: vc16
[19.984s] -- OpenCV STATIC: OFF
[20.016s] -- Found OpenCV: C:/opt/opencv/build (found version "4.10.0")
[20.016s] -- Found OpenCV 4.10.0 in C:/opt/opencv/build/x64/vc16/lib
[20.016s] -- You might need to add C:\opt\opencv\build\x64\vc16\bin to your PATH to be able to run your applications.
[20.313s] WARNING: Package name "ROTAS_pkg" does not follow the naming conventions. It should start with a lower case letter and only contain lower case letters, digits, underscores, and dashes.
[20.547s] -- Configuring done (20.0s)
[21.953s] -- Generating done (1.4s)
[22.000s] -- Build files have been written to: C:/Users/nabet/Desktop/GUI/ROTAS-ROS2/build/ROTAS_pkg
[22.047s] Invoked command in 'C:\Users\nabet\Desktop\GUI\ROTAS-ROS2\build\ROTAS_pkg' returned '0': C:\Program Files\CMake\bin\cmake.EXE C:\Users\nabet\Desktop\GUI\ROTAS-ROS2\src\ROTAS_pkg -DCMAKE_INSTALL_PREFIX=C:\Users\nabet\Desktop\GUI\ROTAS-ROS2\install -G Visual Studio 16 2019
[22.047s] Invoking command in 'C:\Users\nabet\Desktop\GUI\ROTAS-ROS2\build\ROTAS_pkg': CL=/MP C:\Program Files\CMake\bin\cmake.EXE --build C:\Users\nabet\Desktop\GUI\ROTAS-ROS2\build\ROTAS_pkg --config Release
[22.250s] Microsoft (R) Build Engine version 16.11.2+f32259642 for .NET Framework
[22.266s] Copyright (C) Microsoft Corporation. All rights reserved.
[22.266s] 
[22.781s]   1>Checking Build System
[23.063s]   Building Custom Rule C:/Users/nabet/Desktop/GUI/ROTAS-ROS2/src/ROTAS_pkg/CMakeLists.txt
[23.281s]   ros2_relay.cpp
[25.266s] C:/dev/ros2_jazzy/include/rclcpp\rclcpp/utilities.hpp(250,51): warning C4003: not enough arguments for function-like macro invocation 'max' [C:\Users\nabet\Desktop\GUI\ROTAS-ROS2\build\ROTAS_pkg\relay.vcxproj]
[25.266s] C:/dev/ros2_jazzy/include/rclcpp\rclcpp/utilities.hpp(267,51): warning C4003: not enough arguments for function-like macro invocation 'min' [C:\Users\nabet\Desktop\GUI\ROTAS-ROS2\build\ROTAS_pkg\relay.vcxproj]
[25.281s] C:/dev/ros2_jazzy/include/rclcpp\rclcpp/utilities.hpp(284,51): warning C4003: not enough arguments for function-like macro invocation 'max' [C:\Users\nabet\Desktop\GUI\ROTAS-ROS2\build\ROTAS_pkg\relay.vcxproj]
[25.281s] C:/dev/ros2_jazzy/include/rclcpp\rclcpp/utilities.hpp(301,51): warning C4003: not enough arguments for function-like macro invocation 'min' [C:\Users\nabet\Desktop\GUI\ROTAS-ROS2\build\ROTAS_pkg\relay.vcxproj]
[25.406s] C:/dev/ros2_jazzy/include/rclcpp\rclcpp/duration.hpp(109,3): warning C4003: not enough arguments for function-like macro invocation 'max' [C:\Users\nabet\Desktop\GUI\ROTAS-ROS2\build\ROTAS_pkg\relay.vcxproj]
[25.422s] C:/dev/ros2_jazzy/include/rclcpp\rclcpp/duration.hpp(109,3): error C2059: syntax error: '(' [C:\Users\nabet\Desktop\GUI\ROTAS-ROS2\build\ROTAS_pkg\relay.vcxproj]
[25.422s] C:/dev/ros2_jazzy/include/rclcpp\rclcpp/duration.hpp(109,3): error C2143: syntax error: missing ',' before '?' [C:\Users\nabet\Desktop\GUI\ROTAS-ROS2\build\ROTAS_pkg\relay.vcxproj]
[25.422s] C:/dev/ros2_jazzy/include/rclcpp\rclcpp/duration.hpp(109,3): error C2059: syntax error: '?' [C:\Users\nabet\Desktop\GUI\ROTAS-ROS2\build\ROTAS_pkg\relay.vcxproj]
[25.422s] C:/dev/ros2_jazzy/include/rclcpp\rclcpp/duration.hpp(159,11): error C2535: 'rclcpp::Duration::Duration(void)': member function already defined or declared [C:\Users\nabet\Desktop\GUI\ROTAS-ROS2\build\ROTAS_pkg\relay.vcxproj]
[25.422s] C:/dev/ros2_jazzy/include/rclcpp\rclcpp/duration.hpp(107): message : see declaration of 'rclcpp::Duration::Duration' [C:\Users\nabet\Desktop\GUI\ROTAS-ROS2\build\ROTAS_pkg\relay.vcxproj]
[25.422s] C:/dev/ros2_jazzy/include/rclcpp\rclcpp/time.hpp(204,3): warning C4003: not enough arguments for function-like macro invocation 'max' [C:\Users\nabet\Desktop\GUI\ROTAS-ROS2\build\ROTAS_pkg\relay.vcxproj]
[25.438s] C:/dev/ros2_jazzy/include/rclcpp\rclcpp/time.hpp(204,3): error C2059: syntax error: '(' [C:\Users\nabet\Desktop\GUI\ROTAS-ROS2\build\ROTAS_pkg\relay.vcxproj]
[25.438s] C:/dev/ros2_jazzy/include/rclcpp\rclcpp/time.hpp(204,3): error C2143: syntax error: missing ',' before '?' [C:\Users\nabet\Desktop\GUI\ROTAS-ROS2\build\ROTAS_pkg\relay.vcxproj]
[25.438s] C:/dev/ros2_jazzy/include/rclcpp\rclcpp/time.hpp(204,3): error C2059: syntax error: '?' [C:\Users\nabet\Desktop\GUI\ROTAS-ROS2\build\ROTAS_pkg\relay.vcxproj]
[25.469s] C:/dev/ros2_jazzy/include/rcpputils\rcpputils/time.hpp(39,31): warning C4003: not enough arguments for function-like macro invocation 'max' [C:\Users\nabet\Desktop\GUI\ROTAS-ROS2\build\ROTAS_pkg\relay.vcxproj]
[25.484s] C:/dev/ros2_jazzy/include/rcpputils\rcpputils/time.hpp(47,31): warning C4003: not enough arguments for function-like macro invocation 'min' [C:\Users\nabet\Desktop\GUI\ROTAS-ROS2\build\ROTAS_pkg\relay.vcxproj]
[25.563s] C:/dev/ros2_jazzy/include/rclcpp\rclcpp/experimental/subscription_intra_process_base.hpp(169,39): error C2589: '(': illegal token on right side of '::' [C:\Users\nabet\Desktop\GUI\ROTAS-ROS2\build\ROTAS_pkg\relay.vcxproj]
[25.563s] C:/dev/ros2_jazzy/include/rclcpp\rclcpp/experimental/subscription_intra_process_base.hpp(169): error C2144: syntax error: 'unknown-type' should be preceded by ')' [C:\Users\nabet\Desktop\GUI\ROTAS-ROS2\build\ROTAS_pkg\relay.vcxproj]
[25.563s] C:/dev/ros2_jazzy/include/rclcpp\rclcpp/experimental/subscription_intra_process_base.hpp(169,1): error C2064: term does not evaluate to a function taking 0 arguments [C:\Users\nabet\Desktop\GUI\ROTAS-ROS2\build\ROTAS_pkg\relay.vcxproj]
[25.563s] C:/dev/ros2_jazzy/include/rclcpp\rclcpp/experimental/subscription_intra_process_base.hpp(169,1): message : class does not define an 'operator()' or a user defined conversion operator to a pointer-to-function or reference-to-function that takes appropriate number of arguments [C:\Users\nabet\Desktop\GUI\ROTAS-ROS2\build\ROTAS_pkg\relay.vcxproj]
[25.563s] C:/dev/ros2_jazzy/include/rclcpp\rclcpp/experimental/subscription_intra_process_base.hpp(169): error C2144: syntax error: 'unknown-type' should be preceded by ';' [C:\Users\nabet\Desktop\GUI\ROTAS-ROS2\build\ROTAS_pkg\relay.vcxproj]
[25.563s] C:/dev/ros2_jazzy/include/rclcpp\rclcpp/experimental/subscription_intra_process_base.hpp(169,39): error C2143: syntax error: missing ')' before '<' [C:\Users\nabet\Desktop\GUI\ROTAS-ROS2\build\ROTAS_pkg\relay.vcxproj]
[25.563s] C:/dev/ros2_jazzy/include/rclcpp\rclcpp/experimental/subscription_intra_process_base.hpp(169,39): error C2143: syntax error: missing ';' before '<' [C:\Users\nabet\Desktop\GUI\ROTAS-ROS2\build\ROTAS_pkg\relay.vcxproj]
[25.563s] C:/dev/ros2_jazzy/include/rclcpp\rclcpp/experimental/subscription_intra_process_base.hpp(169,1): error C2059: syntax error: ')' [C:\Users\nabet\Desktop\GUI\ROTAS-ROS2\build\ROTAS_pkg\relay.vcxproj]
[25.719s] C:/dev/ros2_jazzy/include/libstatistics_collector\libstatistics_collector/moving_average_statistics/moving_average.hpp(130,79): warning C4003: not enough arguments for function-like macro invocation 'max' [C:\Users\nabet\Desktop\GUI\ROTAS-ROS2\build\ROTAS_pkg\relay.vcxproj]
[25.719s] C:/dev/ros2_jazzy/include/libstatistics_collector\libstatistics_collector/moving_average_statistics/moving_average.hpp(131,79): warning C4003: not enough arguments for function-like macro invocation 'min' [C:\Users\nabet\Desktop\GUI\ROTAS-ROS2\build\ROTAS_pkg\relay.vcxproj]
[25.719s] C:/dev/ros2_jazzy/include/libstatistics_collector\libstatistics_collector/moving_average_statistics/moving_average.hpp(130,79): error C2589: '(': illegal token on right side of '::' [C:\Users\nabet\Desktop\GUI\ROTAS-ROS2\build\ROTAS_pkg\relay.vcxproj]
[25.719s] C:/dev/ros2_jazzy/include/libstatistics_collector\libstatistics_collector/moving_average_statistics/moving_average.hpp(130): error C2062: type 'unknown-type' unexpected [C:\Users\nabet\Desktop\GUI\ROTAS-ROS2\build\ROTAS_pkg\relay.vcxproj]
[25.719s] C:/dev/ros2_jazzy/include/libstatistics_collector\libstatistics_collector/moving_average_statistics/moving_average.hpp(130,48): error C2059: syntax error: ')' [C:\Users\nabet\Desktop\GUI\ROTAS-ROS2\build\ROTAS_pkg\relay.vcxproj]
[25.719s] C:/dev/ros2_jazzy/include/libstatistics_collector\libstatistics_collector/moving_average_statistics/moving_average.hpp(131,79): error C2589: '(': illegal token on right side of '::' [C:\Users\nabet\Desktop\GUI\ROTAS-ROS2\build\ROTAS_pkg\relay.vcxproj]
[25.719s] C:/dev/ros2_jazzy/include/libstatistics_collector\libstatistics_collector/moving_average_statistics/moving_average.hpp(131): error C2062: type 'unknown-type' unexpected [C:\Users\nabet\Desktop\GUI\ROTAS-ROS2\build\ROTAS_pkg\relay.vcxproj]
[25.734s] C:/dev/ros2_jazzy/include/libstatistics_collector\libstatistics_collector/moving_average_statistics/moving_average.hpp(131,48): error C2059: syntax error: ')' [C:\Users\nabet\Desktop\GUI\ROTAS-ROS2\build\ROTAS_pkg\relay.vcxproj]
[25.766s] C:/dev/ros2_jazzy/include/rclcpp\rclcpp/topic_statistics/subscription_topic_statistics.hpp(76): error C2668: 'rclcpp::Time::Time': ambiguous call to overloaded function [C:\Users\nabet\Desktop\GUI\ROTAS-ROS2\build\ROTAS_pkg\relay.vcxproj]
[25.766s] C:/dev/ros2_jazzy/include/rclcpp\rclcpp/time.hpp(202,3): message : could be 'rclcpp::Time::Time(void)' [C:\Users\nabet\Desktop\GUI\ROTAS-ROS2\build\ROTAS_pkg\relay.vcxproj]
[25.766s] C:/dev/ros2_jazzy/include/rclcpp\rclcpp/time.hpp(53,3): message : or       'rclcpp::Time::Time(int64_t,rcl_clock_type_t)' [C:\Users\nabet\Desktop\GUI\ROTAS-ROS2\build\ROTAS_pkg\relay.vcxproj]
[25.766s] C:/dev/ros2_jazzy/include/rclcpp\rclcpp/topic_statistics/subscription_topic_statistics.hpp(76,1): message : while trying to match the argument list '()' [C:\Users\nabet\Desktop\GUI\ROTAS-ROS2\build\ROTAS_pkg\relay.vcxproj]
[26.109s] C:/dev/ros2_jazzy/include/rclcpp\rclcpp/create_timer.hpp(56,31): warning C4003: not enough arguments for function-like macro invocation 'max' [C:\Users\nabet\Desktop\GUI\ROTAS-ROS2\build\ROTAS_pkg\relay.vcxproj]
[26.109s] C:/dev/ros2_jazzy/include/rclcpp\rclcpp/experimental/executors/events_executor/events_queue.hpp(75,66): warning C4003: not enough arguments for function-like macro invocation 'max' [C:\Users\nabet\Desktop\GUI\ROTAS-ROS2\build\ROTAS_pkg\relay.vcxproj]
[26.109s] C:/dev/ros2_jazzy/include/rclcpp\rclcpp/experimental/executors/events_executor/events_queue.hpp(75,66): error C2589: '(': illegal token on right side of '::' [C:\Users\nabet\Desktop\GUI\ROTAS-ROS2\build\ROTAS_pkg\relay.vcxproj]
[26.109s] C:/dev/ros2_jazzy/include/rclcpp\rclcpp/experimental/executors/events_executor/events_queue.hpp(75,71): error C2059: syntax error: ')' [C:\Users\nabet\Desktop\GUI\ROTAS-ROS2\build\ROTAS_pkg\relay.vcxproj]
[26.109s] C:/dev/ros2_jazzy/include/rclcpp\rclcpp/experimental/executors/events_executor/events_queue.hpp(75,38): error C2062: type 'unknown-type' unexpected [C:\Users\nabet\Desktop\GUI\ROTAS-ROS2\build\ROTAS_pkg\relay.vcxproj]
[26.109s] C:/dev/ros2_jazzy/include/rclcpp\rclcpp/experimental/executors/events_executor/events_queue.hpp(75,38): error C2059: syntax error: ')' [C:\Users\nabet\Desktop\GUI\ROTAS-ROS2\build\ROTAS_pkg\relay.vcxproj]
[26.109s] C:/dev/ros2_jazzy/include/rclcpp\rclcpp/experimental/executors/events_executor/events_queue.hpp(94,1): error C2059: syntax error: '<L_GRAMMAR_end_class>' [C:\Users\nabet\Desktop\GUI\ROTAS-ROS2\build\ROTAS_pkg\relay.vcxproj]
[26.125s] C:/dev/ros2_jazzy/include/rclcpp\rclcpp/experimental/executors/events_executor/simple_events_queue.hpp(73,66): warning C4003: not enough arguments for function-like macro invocation 'max' [C:\Users\nabet\Desktop\GUI\ROTAS-ROS2\build\ROTAS_pkg\relay.vcxproj]
[26.125s] C:/dev/ros2_jazzy/include/rclcpp\rclcpp/experimental/executors/events_executor/simple_events_queue.hpp(73,66): error C2589: '(': illegal token on right side of '::' [C:\Users\nabet\Desktop\GUI\ROTAS-ROS2\build\ROTAS_pkg\relay.vcxproj]
[26.125s] C:/dev/ros2_jazzy/include/rclcpp\rclcpp/experimental/executors/events_executor/simple_events_queue.hpp(73,71): error C2059: syntax error: ')' [C:\Users\nabet\Desktop\GUI\ROTAS-ROS2\build\ROTAS_pkg\relay.vcxproj]
[26.125s] C:/dev/ros2_jazzy/include/rclcpp\rclcpp/experimental/executors/events_executor/simple_events_queue.hpp(79,46): warning C4003: not enough arguments for function-like macro invocation 'max' [C:\Users\nabet\Desktop\GUI\ROTAS-ROS2\build\ROTAS_pkg\relay.vcxproj]
[26.125s] C:/dev/ros2_jazzy/include/rclcpp\rclcpp/experimental/executors/events_executor/simple_events_queue.hpp(73,38): error C2062: type 'unknown-type' unexpected [C:\Users\nabet\Desktop\GUI\ROTAS-ROS2\build\ROTAS_pkg\relay.vcxproj]
[26.125s] C:/dev/ros2_jazzy/include/rclcpp\rclcpp/experimental/executors/events_executor/simple_events_queue.hpp(73,38): error C2059: syntax error: ')' [C:\Users\nabet\Desktop\GUI\ROTAS-ROS2\build\ROTAS_pkg\relay.vcxproj]
[26.125s] C:/dev/ros2_jazzy/include/rclcpp\rclcpp/experimental/executors/events_executor/simple_events_queue.hpp(128,1): error C2059: syntax error: '<L_GRAMMAR_end_class>' [C:\Users\nabet\Desktop\GUI\ROTAS-ROS2\build\ROTAS_pkg\relay.vcxproj]
[26.125s] C:/dev/ros2_jazzy/include/rclcpp\rclcpp/experimental/executors/events_executor/simple_events_queue.hpp(52,3): error C2587: 'this': illegal use of local variable as default parameter [C:\Users\nabet\Desktop\GUI\ROTAS-ROS2\build\ROTAS_pkg\relay.vcxproj]
[26.125s] C:/dev/ros2_jazzy/include/rclcpp\rclcpp/experimental/executors/events_executor/simple_events_queue.hpp(51): message : see declaration of 'this' [C:\Users\nabet\Desktop\GUI\ROTAS-ROS2\build\ROTAS_pkg\relay.vcxproj]
[26.125s] C:/dev/ros2_jazzy/include/rclcpp\rclcpp/experimental/executors/events_executor/simple_events_queue.hpp(53,1): error C2587: 'event': illegal use of local variable as default parameter [C:\Users\nabet\Desktop\GUI\ROTAS-ROS2\build\ROTAS_pkg\relay.vcxproj]
[26.125s] C:/dev/ros2_jazzy/include/rclcpp\rclcpp/experimental/executors/events_executor/simple_events_queue.hpp(51): message : see declaration of 'event' [C:\Users\nabet\Desktop\GUI\ROTAS-ROS2\build\ROTAS_pkg\relay.vcxproj]
[26.125s] C:/dev/ros2_jazzy/include/rclcpp\rclcpp/experimental/executors/events_executor/simple_events_queue.hpp(53,1): error C2587: 'single_event': illegal use of local variable as default parameter [C:\Users\nabet\Desktop\GUI\ROTAS-ROS2\build\ROTAS_pkg\relay.vcxproj]
[26.125s] C:/dev/ros2_jazzy/include/rclcpp\rclcpp/experimental/executors/events_executor/simple_events_queue.hpp(53): message : see declaration of 'single_event' [C:\Users\nabet\Desktop\GUI\ROTAS-ROS2\build\ROTAS_pkg\relay.vcxproj]
[26.125s] C:/dev/ros2_jazzy/include/rclcpp\rclcpp/experimental/executors/events_executor/simple_events_queue.hpp(53,1): fatal error C1903: unable to recover from previous error(s); stopping compilation [C:\Users\nabet\Desktop\GUI\ROTAS-ROS2\build\ROTAS_pkg\relay.vcxproj]
[26.141s]   INTERNAL COMPILER ERROR in 'C:\Program Files (x86)\Microsoft Visual Studio\2019\Community\VC\Tools\MSVC\14.29.30133\bin\HostX64\x64\CL.exe'
[26.141s]       Please choose the Technical Support command on the Visual C++
[26.141s]       Help menu, or open the Technical Support help file for more information
[30.516s]   Building Custom Rule C:/Users/nabet/Desktop/GUI/ROTAS-ROS2/src/ROTAS_pkg/CMakeLists.txt
[30.703s]   ros2_talker.cpp
[32.938s] C:\Users\nabet\Desktop\GUI\ROTAS-ROS2\src\ROTAS_pkg\src\ros2_talker.cpp(2,10): fatal error C1083: Cannot open include file: 'std_msgs/msg/Int32MultiArray.hpp': No such file or directory [C:\Users\nabet\Desktop\GUI\ROTAS-ROS2\build\ROTAS_pkg\talker.vcxproj]
[33.250s] Invoked command in 'C:\Users\nabet\Desktop\GUI\ROTAS-ROS2\build\ROTAS_pkg' returned '1': CL=/MP C:\Program Files\CMake\bin\cmake.EXE --build C:\Users\nabet\Desktop\GUI\ROTAS-ROS2\build\ROTAS_pkg --config Release
